TN:
SF:projects/tablejs/src/test.ts
FNF:0
FNH:0
DA:14,1
DA:19,1
DA:21,1
LF:3
LH:3
BRF:0
BRH:0
end_of_record
TN:
SF:projects/tablejs/src/lib/components/drag-and-drop-ghost/drag-and-drop-ghost.component.ts
FN:18,(anonymous_0)
FN:20,(anonymous_1)
FN:28,(anonymous_2)
FN:33,(anonymous_3)
FNF:4
FNH:3
FNDA:1,(anonymous_0)
FNDA:1,(anonymous_1)
FNDA:0,(anonymous_2)
FNDA:2,(anonymous_3)
DA:10,1
DA:13,1
DA:14,1
DA:16,1
DA:18,1
DA:21,1
DA:22,1
DA:23,0
DA:24,0
DA:29,0
DA:30,0
DA:34,2
LF:12
LH:8
BRDA:22,0,0,0
BRDA:22,0,1,1
BRDA:28,1,0,0
BRF:3
BRH:1
end_of_record
TN:
SF:projects/tablejs/src/lib/components/grid/grid.component.ts
FN:30,(anonymous_0)
FN:26,(anonymous_1)
FN:32,(anonymous_2)
FN:38,(anonymous_3)
FN:42,(anonymous_4)
FN:46,(anonymous_5)
FN:51,(anonymous_6)
FN:55,(anonymous_7)
FN:59,(anonymous_8)
FN:64,(anonymous_9)
FNF:10
FNH:9
FNDA:20,(anonymous_0)
FNDA:0,(anonymous_1)
FNDA:12,(anonymous_2)
FNDA:1,(anonymous_3)
FNDA:1,(anonymous_4)
FNDA:1,(anonymous_5)
FNDA:1,(anonymous_6)
FNDA:1,(anonymous_7)
FNDA:1,(anonymous_8)
FNDA:1,(anonymous_9)
DA:13,1
DA:15,20
DA:16,20
DA:18,20
DA:19,20
DA:20,20
DA:21,20
DA:22,20
DA:23,20
DA:24,20
DA:27,0
DA:30,20
DA:33,12
DA:34,11
DA:39,1
DA:40,1
DA:43,1
DA:44,1
DA:47,1
DA:48,1
DA:52,1
DA:53,1
DA:56,1
DA:57,1
DA:60,1
DA:61,1
DA:65,1
DA:66,1
LF:28
LH:27
BRDA:33,0,0,11
BRDA:33,0,1,1
BRF:2
BRH:2
end_of_record
TN:
SF:projects/tablejs/src/lib/components/horiz-resize-grip/horiz-resize-grip.component.ts
FN:12,(anonymous_0)
FNF:1
FNH:1
FNDA:1,(anonymous_0)
DA:10,1
LF:1
LH:1
BRF:0
BRH:0
end_of_record
TN:
SF:projects/tablejs/src/lib/components/reorder-grip/reorder-grip.component.ts
FN:12,(anonymous_0)
FNF:1
FNH:1
FNDA:1,(anonymous_0)
DA:10,1
LF:1
LH:1
BRF:0
BRH:0
end_of_record
TN:
SF:projects/tablejs/src/lib/components/scroll-prev-spacer/scroll-prev-spacer.component.ts
FN:11,(anonymous_0)
FN:13,(anonymous_1)
FNF:2
FNH:2
FNDA:1,(anonymous_0)
FNDA:1,(anonymous_1)
DA:8,1
DA:11,1
DA:14,1
LF:3
LH:3
BRF:0
BRH:0
end_of_record
TN:
SF:projects/tablejs/src/lib/directives/data-col-class/data-col-class.directive.ts
FN:14,(anonymous_0)
FN:16,(anonymous_1)
FN:33,(anonymous_2)
FN:38,(anonymous_3)
FN:52,(anonymous_4)
FNF:5
FNH:5
FNDA:33,(anonymous_0)
FNDA:13,(anonymous_1)
FNDA:4,(anonymous_2)
FNDA:8,(anonymous_3)
FNDA:22,(anonymous_4)
DA:7,1
DA:9,33
DA:14,33
DA:17,13
DA:18,12
DA:19,12
DA:23,12
DA:24,11
DA:30,1
DA:32,12
DA:33,12
DA:34,4
DA:39,8
DA:40,2
DA:41,2
DA:42,2
DA:45,6
DA:46,6
DA:47,6
DA:48,3
DA:53,22
LF:21
LH:21
BRDA:17,0,0,12
BRDA:17,0,1,1
BRDA:23,1,0,11
BRDA:23,1,1,1
BRDA:39,2,0,2
BRDA:39,2,1,6
BRDA:47,3,0,3
BRDA:47,3,1,3
BRDA:47,4,0,6
BRDA:47,4,1,3
BRF:10
BRH:10
end_of_record
TN:
SF:projects/tablejs/src/lib/directives/data-col-classes/data-col-classes.directive.ts
FN:11,(anonymous_0)
FN:13,(anonymous_1)
FN:18,(anonymous_2)
FN:28,(anonymous_3)
FNF:4
FNH:4
FNDA:12,(anonymous_0)
FNDA:7,(anonymous_1)
FNDA:8,(anonymous_2)
FNDA:8,(anonymous_3)
DA:7,1
DA:9,12
DA:11,12
DA:14,7
DA:15,7
DA:19,8
DA:20,6
DA:25,8
DA:29,8
DA:30,8
DA:31,1
LF:11
LH:11
BRDA:19,0,0,6
BRDA:19,0,1,2
BRDA:30,1,0,1
BRDA:30,1,1,7
BRF:4
BRH:4
end_of_record
TN:
SF:projects/tablejs/src/lib/directives/editable-cell/editable-cell.directive.ts
FN:31,(anonymous_0)
FN:39,(anonymous_1)
FN:46,(anonymous_2)
FN:68,(anonymous_3)
FN:81,(anonymous_4)
FN:91,(anonymous_5)
FN:92,(anonymous_6)
FN:102,(anonymous_7)
FN:106,(anonymous_8)
FN:109,(anonymous_9)
FN:128,(anonymous_10)
FN:137,(anonymous_11)
FN:148,(anonymous_12)
FNF:13
FNH:13
FNDA:94,(anonymous_0)
FNDA:4,(anonymous_1)
FNDA:18,(anonymous_2)
FNDA:6,(anonymous_3)
FNDA:9,(anonymous_4)
FNDA:4,(anonymous_5)
FNDA:5,(anonymous_6)
FNDA:48,(anonymous_7)
FNDA:54,(anonymous_8)
FNDA:4,(anonymous_9)
FNDA:34,(anonymous_10)
FNDA:23,(anonymous_11)
FNDA:47,(anonymous_12)
DA:9,1
DA:12,94
DA:13,94
DA:14,94
DA:15,94
DA:16,94
DA:17,94
DA:18,94
DA:19,94
DA:23,94
DA:24,94
DA:25,94
DA:26,94
DA:29,94
DA:31,94
DA:32,94
DA:33,94
DA:34,94
DA:36,94
DA:40,4
DA:41,2
DA:42,2
DA:47,18
DA:48,18
DA:49,2
DA:50,2
DA:51,1
DA:55,18
DA:56,17
DA:57,17
DA:58,17
DA:59,17
DA:60,17
DA:62,17
DA:63,1
DA:66,17
DA:67,17
DA:68,17
DA:69,6
DA:70,1
DA:72,6
DA:73,6
DA:74,6
DA:76,17
DA:78,18
DA:82,9
DA:83,9
DA:84,9
DA:85,2
DA:86,2
DA:88,9
DA:89,9
DA:90,9
DA:91,9
DA:92,5
DA:93,4
DA:94,2
DA:95,2
DA:96,2
DA:99,9
DA:103,48
DA:107,54
DA:108,54
DA:109,54
DA:110,4
DA:111,4
DA:112,4
DA:113,3
DA:114,3
DA:115,3
DA:117,1
DA:120,0
DA:121,0
DA:124,54
DA:125,54
DA:129,34
DA:138,23
DA:139,23
DA:140,20
DA:141,20
DA:143,3
DA:145,23
DA:149,47
DA:150,47
DA:151,47
LF:85
LH:83
BRDA:40,0,0,2
BRDA:40,0,1,2
BRDA:48,1,0,2
BRDA:48,1,1,16
BRDA:50,2,0,1
BRDA:50,2,1,1
BRDA:55,3,0,17
BRDA:55,3,1,1
BRDA:62,4,0,1
BRDA:62,4,1,16
BRDA:69,5,0,1
BRDA:69,5,1,5
BRDA:84,6,0,11
BRDA:84,6,1,2
BRDA:93,7,0,2
BRDA:93,7,1,2
BRDA:110,8,0,4
BRDA:110,8,1,0
BRDA:112,9,0,3
BRDA:112,9,1,1
BRDA:138,10,0,4
BRDA:138,10,1,19
BRDA:139,11,0,20
BRDA:139,11,1,3
BRDA:149,12,0,47
BRDA:149,12,1,0
BRF:26
BRH:24
end_of_record
TN:
SF:projects/tablejs/src/lib/directives/grid/grid.directive.ts
FN:136,(anonymous_0)
FN:152,(anonymous_1)
FN:157,(anonymous_2)
FN:160,(anonymous_3)
FN:161,(anonymous_4)
FN:176,(anonymous_5)
FN:179,(anonymous_6)
FN:187,(anonymous_7)
FN:188,(anonymous_8)
FN:196,(anonymous_9)
FN:228,(anonymous_10)
FN:242,(anonymous_11)
FN:248,(anonymous_12)
FN:255,(anonymous_13)
FN:290,(anonymous_14)
FN:297,(anonymous_15)
FN:318,(anonymous_16)
FN:345,(anonymous_17)
FN:352,(anonymous_18)
FN:362,(anonymous_19)
FN:366,(anonymous_20)
FN:368,(anonymous_21)
FN:377,(anonymous_22)
FN:393,(anonymous_23)
FN:398,(anonymous_24)
FN:412,(anonymous_25)
FN:417,(anonymous_26)
FN:431,(anonymous_27)
FN:440,(anonymous_28)
FN:445,(anonymous_29)
FN:453,(anonymous_30)
FN:461,(anonymous_31)
FN:465,(anonymous_32)
FN:469,(anonymous_33)
FN:525,(anonymous_34)
FN:531,(anonymous_35)
FN:558,(anonymous_36)
FN:560,(anonymous_37)
FN:592,(anonymous_38)
FN:625,(anonymous_39)
FN:636,(anonymous_40)
FN:637,(anonymous_41)
FN:649,(anonymous_42)
FN:653,(anonymous_43)
FN:670,(anonymous_44)
FN:744,(anonymous_45)
FN:745,(anonymous_46)
FN:767,(anonymous_47)
FN:768,(anonymous_48)
FN:780,(anonymous_49)
FN:838,(anonymous_50)
FN:842,(anonymous_51)
FN:855,(anonymous_52)
FN:865,(anonymous_53)
FN:871,(anonymous_54)
FN:883,(anonymous_55)
FN:885,(anonymous_56)
FN:896,(anonymous_57)
FN:909,(anonymous_58)
FN:922,(anonymous_59)
FN:925,(anonymous_60)
FN:940,(anonymous_61)
FN:945,(anonymous_62)
FN:946,(anonymous_63)
FN:965,(anonymous_64)
FN:974,(anonymous_65)
FN:975,(anonymous_66)
FN:976,(anonymous_67)
FN:982,(anonymous_68)
FN:1016,(anonymous_69)
FN:1017,(anonymous_70)
FN:1031,(anonymous_71)
FN:1038,(anonymous_72)
FN:1042,(anonymous_73)
FN:1058,(anonymous_74)
FN:1068,(anonymous_75)
FN:1074,(anonymous_76)
FN:1075,(anonymous_77)
FN:1076,(anonymous_78)
FN:1080,(anonymous_79)
FN:1087,(anonymous_80)
FN:1092,(anonymous_81)
FN:1093,(anonymous_82)
FN:1097,(anonymous_83)
FN:1105,(anonymous_84)
FN:1120,(anonymous_85)
FN:1122,(anonymous_86)
FN:1129,(anonymous_87)
FN:1133,(anonymous_88)
FN:1158,(anonymous_89)
FN:1202,(anonymous_90)
FN:1212,(anonymous_91)
FN:1214,(anonymous_92)
FN:1220,(anonymous_93)
FN:1224,(anonymous_94)
FN:1246,(anonymous_95)
FN:1251,(anonymous_96)
FN:1257,(anonymous_97)
FN:1263,(anonymous_98)
FN:1320,(anonymous_99)
FN:1325,(anonymous_100)
FN:1331,(anonymous_101)
FN:1347,(anonymous_102)
FN:1383,(anonymous_103)
FN:1399,(anonymous_104)
FN:1415,(anonymous_105)
FN:1417,(anonymous_106)
FN:1427,(anonymous_107)
FN:1429,(anonymous_108)
FN:1433,(anonymous_109)
FN:1444,(anonymous_110)
FN:1462,(anonymous_111)
FN:1467,(anonymous_112)
FN:1502,(anonymous_113)
FN:1511,(anonymous_114)
FN:1516,(anonymous_115)
FN:1522,(anonymous_116)
FN:1560,(anonymous_117)
FN:1652,(anonymous_118)
FN:1669,(anonymous_119)
FN:1708,(anonymous_120)
FN:1718,(anonymous_121)
FN:1726,(anonymous_122)
FN:1742,(anonymous_123)
FN:1753,(anonymous_124)
FN:1762,(anonymous_125)
FN:1771,(anonymous_126)
FN:1781,(anonymous_127)
FN:1793,(anonymous_128)
FN:1804,(anonymous_129)
FN:1810,(anonymous_130)
FN:1814,(anonymous_131)
FN:1829,(anonymous_132)
FN:1856,(anonymous_133)
FN:1860,(anonymous_134)
FN:1930,(anonymous_135)
FN:1937,(anonymous_136)
FN:1946,(anonymous_137)
FN:1993,(anonymous_138)
FN:2001,(anonymous_139)
FN:2008,(anonymous_140)
FN:2010,(anonymous_141)
FN:2013,(anonymous_142)
FN:2015,(anonymous_143)
FN:2021,(anonymous_144)
FN:2023,(anonymous_145)
FN:2029,(anonymous_146)
FN:2031,(anonymous_147)
FN:2037,(anonymous_148)
FN:2039,(anonymous_149)
FN:2063,(anonymous_150)
FN:2064,(anonymous_151)
FN:2071,(anonymous_152)
FN:2076,(anonymous_153)
FN:2101,(anonymous_154)
FN:2103,(anonymous_155)
FN:2122,(anonymous_156)
FN:2123,(anonymous_157)
FN:2135,(anonymous_158)
FN:2139,(anonymous_159)
FN:2140,(anonymous_160)
FN:2142,(anonymous_161)
FN:2147,(anonymous_162)
FN:2154,(anonymous_163)
FN:2155,(anonymous_164)
FN:2157,(anonymous_165)
FN:2162,(anonymous_166)
FN:2178,(anonymous_167)
FN:2183,(anonymous_168)
FN:2193,(anonymous_169)
FN:2198,(anonymous_170)
FN:2204,(anonymous_171)
FN:2210,(anonymous_172)
FN:2216,(anonymous_173)
FN:2222,(anonymous_174)
FN:2235,(anonymous_175)
FN:2259,(anonymous_176)
FN:2261,(anonymous_177)
FN:2270,(anonymous_178)
FN:2273,(anonymous_179)
FN:2277,(anonymous_180)
FN:2294,(anonymous_181)
FN:2305,(anonymous_182)
FN:2315,(anonymous_183)
FN:2330,(anonymous_184)
FN:2345,(anonymous_185)
FN:2359,(anonymous_186)
FN:2365,(anonymous_187)
FN:2379,(anonymous_188)
FN:2385,(anonymous_189)
FN:2396,(anonymous_190)
FN:2404,(anonymous_191)
FN:2412,(anonymous_192)
FN:2420,(anonymous_193)
FN:2428,(anonymous_194)
FN:2436,(anonymous_195)
FN:2444,(anonymous_196)
FN:2452,(anonymous_197)
FN:2484,(anonymous_198)
FNF:199
FNH:25
FNDA:44,(anonymous_0)
FNDA:46,(anonymous_1)
FNDA:45,(anonymous_2)
FNDA:58,(anonymous_3)
FNDA:815,(anonymous_4)
FNDA:818,(anonymous_5)
FNDA:410,(anonymous_6)
FNDA:1231,(anonymous_7)
FNDA:1299,(anonymous_8)
FNDA:34,(anonymous_9)
FNDA:4,(anonymous_10)
FNDA:6,(anonymous_11)
FNDA:12,(anonymous_12)
FNDA:0,(anonymous_13)
FNDA:34,(anonymous_14)
FNDA:0,(anonymous_15)
FNDA:0,(anonymous_16)
FNDA:2,(anonymous_17)
FNDA:0,(anonymous_18)
FNDA:0,(anonymous_19)
FNDA:0,(anonymous_20)
FNDA:0,(anonymous_21)
FNDA:0,(anonymous_22)
FNDA:0,(anonymous_23)
FNDA:0,(anonymous_24)
FNDA:0,(anonymous_25)
FNDA:0,(anonymous_26)
FNDA:0,(anonymous_27)
FNDA:0,(anonymous_28)
FNDA:0,(anonymous_29)
FNDA:0,(anonymous_30)
FNDA:0,(anonymous_31)
FNDA:0,(anonymous_32)
FNDA:0,(anonymous_33)
FNDA:0,(anonymous_34)
FNDA:0,(anonymous_35)
FNDA:0,(anonymous_36)
FNDA:0,(anonymous_37)
FNDA:0,(anonymous_38)
FNDA:0,(anonymous_39)
FNDA:0,(anonymous_40)
FNDA:0,(anonymous_41)
FNDA:0,(anonymous_42)
FNDA:0,(anonymous_43)
FNDA:0,(anonymous_44)
FNDA:0,(anonymous_45)
FNDA:0,(anonymous_46)
FNDA:0,(anonymous_47)
FNDA:0,(anonymous_48)
FNDA:0,(anonymous_49)
FNDA:0,(anonymous_50)
FNDA:0,(anonymous_51)
FNDA:0,(anonymous_52)
FNDA:0,(anonymous_53)
FNDA:0,(anonymous_54)
FNDA:0,(anonymous_55)
FNDA:0,(anonymous_56)
FNDA:0,(anonymous_57)
FNDA:0,(anonymous_58)
FNDA:0,(anonymous_59)
FNDA:0,(anonymous_60)
FNDA:0,(anonymous_61)
FNDA:0,(anonymous_62)
FNDA:0,(anonymous_63)
FNDA:0,(anonymous_64)
FNDA:0,(anonymous_65)
FNDA:0,(anonymous_66)
FNDA:0,(anonymous_67)
FNDA:0,(anonymous_68)
FNDA:0,(anonymous_69)
FNDA:0,(anonymous_70)
FNDA:0,(anonymous_71)
FNDA:0,(anonymous_72)
FNDA:0,(anonymous_73)
FNDA:0,(anonymous_74)
FNDA:0,(anonymous_75)
FNDA:0,(anonymous_76)
FNDA:0,(anonymous_77)
FNDA:0,(anonymous_78)
FNDA:0,(anonymous_79)
FNDA:0,(anonymous_80)
FNDA:0,(anonymous_81)
FNDA:0,(anonymous_82)
FNDA:0,(anonymous_83)
FNDA:0,(anonymous_84)
FNDA:0,(anonymous_85)
FNDA:0,(anonymous_86)
FNDA:9,(anonymous_87)
FNDA:0,(anonymous_88)
FNDA:0,(anonymous_89)
FNDA:0,(anonymous_90)
FNDA:0,(anonymous_91)
FNDA:0,(anonymous_92)
FNDA:0,(anonymous_93)
FNDA:0,(anonymous_94)
FNDA:8,(anonymous_95)
FNDA:1,(anonymous_96)
FNDA:1,(anonymous_97)
FNDA:0,(anonymous_98)
FNDA:0,(anonymous_99)
FNDA:44,(anonymous_100)
FNDA:0,(anonymous_101)
FNDA:0,(anonymous_102)
FNDA:0,(anonymous_103)
FNDA:0,(anonymous_104)
FNDA:0,(anonymous_105)
FNDA:0,(anonymous_106)
FNDA:0,(anonymous_107)
FNDA:0,(anonymous_108)
FNDA:0,(anonymous_109)
FNDA:0,(anonymous_110)
FNDA:0,(anonymous_111)
FNDA:0,(anonymous_112)
FNDA:0,(anonymous_113)
FNDA:0,(anonymous_114)
FNDA:0,(anonymous_115)
FNDA:1,(anonymous_116)
FNDA:0,(anonymous_117)
FNDA:0,(anonymous_118)
FNDA:0,(anonymous_119)
FNDA:0,(anonymous_120)
FNDA:0,(anonymous_121)
FNDA:0,(anonymous_122)
FNDA:0,(anonymous_123)
FNDA:0,(anonymous_124)
FNDA:0,(anonymous_125)
FNDA:0,(anonymous_126)
FNDA:0,(anonymous_127)
FNDA:0,(anonymous_128)
FNDA:0,(anonymous_129)
FNDA:0,(anonymous_130)
FNDA:0,(anonymous_131)
FNDA:0,(anonymous_132)
FNDA:0,(anonymous_133)
FNDA:0,(anonymous_134)
FNDA:0,(anonymous_135)
FNDA:0,(anonymous_136)
FNDA:0,(anonymous_137)
FNDA:0,(anonymous_138)
FNDA:0,(anonymous_139)
FNDA:0,(anonymous_140)
FNDA:0,(anonymous_141)
FNDA:0,(anonymous_142)
FNDA:0,(anonymous_143)
FNDA:0,(anonymous_144)
FNDA:0,(anonymous_145)
FNDA:0,(anonymous_146)
FNDA:0,(anonymous_147)
FNDA:0,(anonymous_148)
FNDA:0,(anonymous_149)
FNDA:0,(anonymous_150)
FNDA:0,(anonymous_151)
FNDA:0,(anonymous_152)
FNDA:0,(anonymous_153)
FNDA:0,(anonymous_154)
FNDA:0,(anonymous_155)
FNDA:0,(anonymous_156)
FNDA:0,(anonymous_157)
FNDA:0,(anonymous_158)
FNDA:0,(anonymous_159)
FNDA:0,(anonymous_160)
FNDA:0,(anonymous_161)
FNDA:0,(anonymous_162)
FNDA:0,(anonymous_163)
FNDA:0,(anonymous_164)
FNDA:0,(anonymous_165)
FNDA:0,(anonymous_166)
FNDA:0,(anonymous_167)
FNDA:0,(anonymous_168)
FNDA:0,(anonymous_169)
FNDA:0,(anonymous_170)
FNDA:0,(anonymous_171)
FNDA:0,(anonymous_172)
FNDA:0,(anonymous_173)
FNDA:0,(anonymous_174)
FNDA:0,(anonymous_175)
FNDA:0,(anonymous_176)
FNDA:0,(anonymous_177)
FNDA:0,(anonymous_178)
FNDA:0,(anonymous_179)
FNDA:0,(anonymous_180)
FNDA:0,(anonymous_181)
FNDA:0,(anonymous_182)
FNDA:0,(anonymous_183)
FNDA:0,(anonymous_184)
FNDA:0,(anonymous_185)
FNDA:0,(anonymous_186)
FNDA:0,(anonymous_187)
FNDA:0,(anonymous_188)
FNDA:0,(anonymous_189)
FNDA:0,(anonymous_190)
FNDA:0,(anonymous_191)
FNDA:0,(anonymous_192)
FNDA:0,(anonymous_193)
FNDA:192,(anonymous_194)
FNDA:144,(anonymous_195)
FNDA:0,(anonymous_196)
FNDA:34,(anonymous_197)
FNDA:44,(anonymous_198)
DA:26,1
DA:28,44
DA:29,44
DA:30,44
DA:31,44
DA:32,44
DA:33,44
DA:34,44
DA:35,44
DA:36,44
DA:37,44
DA:38,44
DA:39,44
DA:40,44
DA:41,44
DA:42,44
DA:43,44
DA:44,44
DA:45,44
DA:46,44
DA:47,44
DA:48,44
DA:49,44
DA:50,44
DA:51,44
DA:52,44
DA:53,44
DA:54,44
DA:55,44
DA:56,44
DA:57,44
DA:58,44
DA:59,44
DA:60,44
DA:61,44
DA:62,44
DA:63,44
DA:64,44
DA:65,44
DA:66,44
DA:67,44
DA:68,44
DA:69,44
DA:70,44
DA:71,44
DA:72,44
DA:73,44
DA:74,44
DA:75,44
DA:76,44
DA:79,44
DA:81,44
DA:82,44
DA:83,44
DA:85,44
DA:86,44
DA:87,44
DA:88,44
DA:89,44
DA:94,44
DA:97,44
DA:98,44
DA:99,44
DA:100,44
DA:101,44
DA:102,44
DA:103,44
DA:104,44
DA:105,44
DA:106,44
DA:107,44
DA:108,44
DA:109,44
DA:111,44
DA:113,44
DA:114,44
DA:116,44
DA:119,44
DA:121,44
DA:123,44
DA:124,44
DA:126,44
DA:127,44
DA:128,44
DA:129,44
DA:130,44
DA:131,44
DA:132,44
DA:133,44
DA:134,44
DA:137,44
DA:138,44
DA:139,44
DA:140,44
DA:141,44
DA:142,44
DA:143,44
DA:144,44
DA:145,44
DA:146,44
DA:147,44
DA:148,44
DA:149,44
DA:153,46
DA:154,46
DA:158,45
DA:159,44
DA:160,44
DA:161,58
DA:162,815
DA:166,44
DA:177,818
DA:178,410
DA:179,410
DA:181,410
DA:182,410
DA:188,1231
DA:189,1299
DA:190,1299
DA:191,818
DA:199,34
DA:200,34
DA:202,0
DA:204,0
DA:216,0
DA:218,0
DA:219,0
DA:226,34
DA:227,34
DA:228,25
DA:229,4
DA:230,4
DA:231,3
DA:232,6
DA:234,3
DA:235,2
DA:239,25
DA:240,25
DA:242,34
DA:243,6
DA:245,34
DA:250,12
DA:251,6
DA:254,12
DA:255,3
DA:256,0
DA:258,3
DA:259,3
DA:262,9
DA:263,3
DA:265,3
DA:266,3
DA:267,3
DA:268,3
DA:269,3
DA:270,3
DA:271,3
DA:273,3
DA:274,3
DA:275,3
DA:276,3
DA:277,3
DA:278,3
DA:279,3
DA:282,9
DA:283,9
DA:284,9
DA:285,9
DA:286,9
DA:289,9
DA:290,4
DA:291,34
DA:295,9
DA:296,4
DA:299,0
DA:300,0
DA:301,0
DA:304,0
DA:305,0
DA:306,0
DA:307,0
DA:311,0
DA:312,0
DA:313,0
DA:314,0
DA:315,0
DA:316,0
DA:317,0
DA:318,0
DA:319,0
DA:320,0
DA:321,0
DA:324,0
DA:328,0
DA:329,0
DA:332,0
DA:335,0
DA:339,9
DA:340,1
DA:342,9
DA:344,9
DA:345,7
DA:346,2
DA:348,7
DA:350,2
DA:351,2
DA:352,2
DA:353,0
DA:355,2
DA:357,0
DA:363,0
DA:367,0
DA:368,0
DA:369,0
DA:370,0
DA:371,0
DA:373,0
DA:378,0
DA:379,0
DA:381,0
DA:382,0
DA:383,0
DA:384,0
DA:385,0
DA:386,0
DA:390,0
DA:394,0
DA:397,0
DA:398,0
DA:399,0
DA:400,0
DA:408,0
DA:409,0
DA:413,0
DA:414,0
DA:415,0
DA:417,0
DA:418,0
DA:427,0
DA:432,0
DA:433,0
DA:434,0
DA:435,0
DA:436,0
DA:437,0
DA:439,0
DA:440,0
DA:441,0
DA:443,0
DA:444,0
DA:445,0
DA:446,0
DA:448,0
DA:450,0
DA:451,0
DA:453,0
DA:454,0
DA:456,0
DA:462,0
DA:466,0
DA:471,0
DA:473,0
DA:474,0
DA:477,0
DA:480,0
DA:482,0
DA:485,0
DA:486,0
DA:489,0
DA:490,0
DA:492,0
DA:493,0
DA:494,0
DA:496,0
DA:501,0
DA:508,0
DA:509,0
DA:510,0
DA:511,0
DA:513,0
DA:514,0
DA:516,0
DA:517,0
DA:518,0
DA:520,0
DA:521,0
DA:523,0
DA:525,0
DA:526,0
DA:527,0
DA:530,0
DA:531,0
DA:532,0
DA:533,0
DA:541,0
DA:542,0
DA:543,0
DA:544,0
DA:548,0
DA:550,0
DA:551,0
DA:555,0
DA:556,0
DA:558,0
DA:559,0
DA:560,0
DA:561,0
DA:562,0
DA:565,0
DA:567,0
DA:568,0
DA:572,0
DA:573,0
DA:574,0
DA:575,0
DA:578,0
DA:579,0
DA:580,0
DA:581,0
DA:582,0
DA:585,0
DA:586,0
DA:587,0
DA:588,0
DA:592,0
DA:593,0
DA:594,0
DA:595,0
DA:597,0
DA:600,0
DA:602,0
DA:603,0
DA:605,0
DA:611,0
DA:619,0
DA:621,0
DA:622,0
DA:626,0
DA:627,0
DA:628,0
DA:629,0
DA:630,0
DA:631,0
DA:633,0
DA:637,0
DA:638,0
DA:639,0
DA:640,0
DA:641,0
DA:642,0
DA:643,0
DA:645,0
DA:650,0
DA:655,0
DA:656,0
DA:658,0
DA:659,0
DA:660,0
DA:661,0
DA:665,0
DA:667,0
DA:671,0
DA:673,0
DA:675,0
DA:676,0
DA:677,0
DA:678,0
DA:680,0
DA:682,0
DA:683,0
DA:685,0
DA:690,0
DA:697,0
DA:699,0
DA:703,0
DA:705,0
DA:706,0
DA:707,0
DA:709,0
DA:710,0
DA:712,0
DA:714,0
DA:715,0
DA:716,0
DA:720,0
DA:721,0
DA:723,0
DA:724,0
DA:726,0
DA:727,0
DA:729,0
DA:730,0
DA:732,0
DA:734,0
DA:736,0
DA:737,0
DA:738,0
DA:739,0
DA:740,0
DA:741,0
DA:742,0
DA:744,0
DA:745,0
DA:746,0
DA:747,0
DA:748,0
DA:749,0
DA:750,0
DA:751,0
DA:753,0
DA:754,0
DA:755,0
DA:756,0
DA:761,0
DA:762,0
DA:764,0
DA:765,0
DA:766,0
DA:767,0
DA:768,0
DA:769,0
DA:770,0
DA:771,0
DA:774,0
DA:775,0
DA:778,0
DA:779,0
DA:781,0
DA:782,0
DA:783,0
DA:784,0
DA:785,0
DA:786,0
DA:788,0
DA:790,0
DA:796,0
DA:797,0
DA:798,0
DA:800,0
DA:802,0
DA:807,0
DA:808,0
DA:810,0
DA:811,0
DA:812,0
DA:813,0
DA:814,0
DA:816,0
DA:817,0
DA:820,0
DA:821,0
DA:823,0
DA:828,0
DA:835,0
DA:839,0
DA:840,0
DA:842,0
DA:843,0
DA:844,0
DA:845,0
DA:846,0
DA:847,0
DA:848,0
DA:852,0
DA:856,0
DA:857,0
DA:858,0
DA:859,0
DA:860,0
DA:862,0
DA:866,0
DA:867,0
DA:868,0
DA:872,0
DA:873,0
DA:874,0
DA:875,0
DA:876,0
DA:877,0
DA:880,0
DA:884,0
DA:885,0
DA:886,0
DA:887,0
DA:888,0
DA:889,0
DA:892,0
DA:897,0
DA:898,0
DA:899,0
DA:900,0
DA:901,0
DA:902,0
DA:905,0
DA:910,0
DA:911,0
DA:912,0
DA:913,0
DA:914,0
DA:915,0
DA:918,0
DA:923,0
DA:924,0
DA:925,0
DA:926,0
DA:927,0
DA:928,0
DA:929,0
DA:932,0
DA:933,0
DA:934,0
DA:935,0
DA:937,0
DA:942,0
DA:943,0
DA:945,0
DA:946,0
DA:948,0
DA:949,0
DA:950,0
DA:951,0
DA:953,0
DA:954,0
DA:955,0
DA:957,0
DA:958,0
DA:959,0
DA:961,0
DA:962,0
DA:965,0
DA:966,0
DA:967,0
DA:968,0
DA:969,0
DA:971,0
DA:974,0
DA:975,0
DA:976,0
DA:977,0
DA:980,0
DA:981,0
DA:982,0
DA:983,0
DA:984,0
DA:986,0
DA:987,0
DA:988,0
DA:989,0
DA:991,0
DA:992,0
DA:993,0
DA:994,0
DA:995,0
DA:998,0
DA:999,0
DA:1002,0
DA:1003,0
DA:1004,0
DA:1005,0
DA:1006,0
DA:1007,0
DA:1008,0
DA:1009,0
DA:1016,0
DA:1017,0
DA:1018,0
DA:1019,0
DA:1020,0
DA:1021,0
DA:1022,0
DA:1025,0
DA:1026,0
DA:1027,0
DA:1028,0
DA:1030,0
DA:1031,0
DA:1032,0
DA:1033,0
DA:1040,0
DA:1042,0
DA:1043,0
DA:1044,0
DA:1045,0
DA:1047,0
DA:1048,0
DA:1050,0
DA:1053,0
DA:1055,0
DA:1056,0
DA:1058,0
DA:1059,0
DA:1060,0
DA:1061,0
DA:1063,0
DA:1066,0
DA:1068,0
DA:1069,0
DA:1070,0
DA:1075,0
DA:1076,0
DA:1077,0
DA:1080,0
DA:1081,0
DA:1087,0
DA:1088,0
DA:1093,0
DA:1094,0
DA:1097,0
DA:1098,0
DA:1105,0
DA:1106,0
DA:1109,0
DA:1111,0
DA:1112,0
DA:1114,0
DA:1117,0
DA:1121,0
DA:1122,0
DA:1123,0
DA:1125,0
DA:1126,0
DA:1130,9
DA:1135,0
DA:1137,0
DA:1141,0
DA:1143,0
DA:1144,0
DA:1145,0
DA:1146,0
DA:1148,0
DA:1149,0
DA:1153,0
DA:1154,0
DA:1155,0
DA:1156,0
DA:1158,0
DA:1159,0
DA:1160,0
DA:1161,0
DA:1163,0
DA:1164,0
DA:1165,0
DA:1166,0
DA:1167,0
DA:1168,0
DA:1170,0
DA:1172,0
DA:1173,0
DA:1174,0
DA:1179,0
DA:1182,0
DA:1183,0
DA:1185,0
DA:1186,0
DA:1187,0
DA:1189,0
DA:1191,0
DA:1192,0
DA:1193,0
DA:1194,0
DA:1195,0
DA:1197,0
DA:1198,0
DA:1203,0
DA:1204,0
DA:1207,0
DA:1208,0
DA:1213,0
DA:1214,0
DA:1215,0
DA:1217,0
DA:1221,0
DA:1225,0
DA:1226,0
DA:1227,0
DA:1228,0
DA:1229,0
DA:1230,0
DA:1231,0
DA:1232,0
DA:1234,0
DA:1236,0
DA:1237,0
DA:1238,0
DA:1241,0
DA:1242,0
DA:1247,8
DA:1248,8
DA:1253,1
DA:1254,0
DA:1256,1
DA:1257,1
DA:1258,1
DA:1259,0
DA:1265,0
DA:1266,0
DA:1267,0
DA:1269,0
DA:1270,0
DA:1271,0
DA:1272,0
DA:1274,0
DA:1275,0
DA:1277,0
DA:1278,0
DA:1281,0
DA:1286,0
DA:1293,0
DA:1294,0
DA:1295,0
DA:1296,0
DA:1297,0
DA:1299,0
DA:1300,0
DA:1302,0
DA:1308,0
DA:1316,0
DA:1317,0
DA:1321,0
DA:1322,0
DA:1323,0
DA:1326,44
DA:1327,44
DA:1328,44
DA:1332,0
DA:1333,0
DA:1335,0
DA:1336,0
DA:1337,0
DA:1339,0
DA:1340,0
DA:1341,0
DA:1342,0
DA:1343,0
DA:1344,0
DA:1348,0
DA:1349,0
DA:1350,0
DA:1351,0
DA:1353,0
DA:1356,0
DA:1357,0
DA:1358,0
DA:1359,0
DA:1360,0
DA:1361,0
DA:1363,0
DA:1366,0
DA:1367,0
DA:1368,0
DA:1370,0
DA:1371,0
DA:1373,0
DA:1374,0
DA:1375,0
DA:1379,0
DA:1380,0
DA:1384,0
DA:1385,0
DA:1389,0
DA:1390,0
DA:1391,0
DA:1392,0
DA:1393,0
DA:1398,0
DA:1399,0
DA:1400,0
DA:1404,0
DA:1405,0
DA:1406,0
DA:1409,0
DA:1416,0
DA:1417,0
DA:1418,0
DA:1419,0
DA:1422,0
DA:1423,0
DA:1428,0
DA:1429,0
DA:1430,0
DA:1433,0
DA:1434,0
DA:1435,0
DA:1437,0
DA:1441,0
DA:1445,0
DA:1449,0
DA:1450,0
DA:1452,0
DA:1459,0
DA:1463,0
DA:1464,0
DA:1474,0
DA:1475,0
DA:1482,0
DA:1483,0
DA:1492,0
DA:1494,0
DA:1496,0
DA:1497,0
DA:1499,0
DA:1503,0
DA:1512,0
DA:1513,0
DA:1517,0
DA:1518,0
DA:1523,1
DA:1524,1
DA:1525,1
DA:1527,1
DA:1528,1
DA:1530,1
DA:1533,1
DA:1534,8
DA:1535,8
DA:1537,8
DA:1538,1
DA:1539,0
DA:1540,0
DA:1541,0
DA:1542,0
DA:1544,1
DA:1545,1
DA:1546,1
DA:1547,1
DA:1549,8
DA:1550,8
DA:1551,8
DA:1552,8
DA:1555,1
DA:1557,1
DA:1561,0
DA:1562,0
DA:1563,0
DA:1564,0
DA:1565,0
DA:1566,0
DA:1567,0
DA:1568,0
DA:1569,0
DA:1571,0
DA:1573,0
DA:1574,0
DA:1576,0
DA:1577,0
DA:1578,0
DA:1579,0
DA:1580,0
DA:1581,0
DA:1582,0
DA:1583,0
DA:1585,0
DA:1587,0
DA:1589,0
DA:1590,0
DA:1591,0
DA:1592,0
DA:1597,0
DA:1608,0
DA:1611,0
DA:1612,0
DA:1613,0
DA:1614,0
DA:1615,0
DA:1616,0
DA:1621,0
DA:1622,0
DA:1625,0
DA:1627,0
DA:1628,0
DA:1629,0
DA:1630,0
DA:1632,0
DA:1633,0
DA:1638,0
DA:1639,0
DA:1641,0
DA:1642,0
DA:1643,0
DA:1644,0
DA:1645,0
DA:1646,0
DA:1647,0
DA:1653,0
DA:1654,0
DA:1655,0
DA:1657,0
DA:1658,0
DA:1659,0
DA:1660,0
DA:1661,0
DA:1664,0
DA:1665,0
DA:1671,0
DA:1672,0
DA:1675,0
DA:1676,0
DA:1679,0
DA:1680,0
DA:1681,0
DA:1682,0
DA:1683,0
DA:1684,0
DA:1685,0
DA:1686,0
DA:1687,0
DA:1688,0
DA:1689,0
DA:1690,0
DA:1691,0
DA:1694,0
DA:1695,0
DA:1696,0
DA:1697,0
DA:1698,0
DA:1699,0
DA:1700,0
DA:1705,0
DA:1709,0
DA:1710,0
DA:1711,0
DA:1712,0
DA:1719,0
DA:1720,0
DA:1721,0
DA:1722,0
DA:1723,0
DA:1724,0
DA:1726,0
DA:1727,0
DA:1728,0
DA:1729,0
DA:1730,0
DA:1734,0
DA:1735,0
DA:1736,0
DA:1737,0
DA:1743,0
DA:1744,0
DA:1746,0
DA:1747,0
DA:1748,0
DA:1749,0
DA:1750,0
DA:1751,0
DA:1752,0
DA:1753,0
DA:1754,0
DA:1759,0
DA:1763,0
DA:1764,0
DA:1766,0
DA:1767,0
DA:1768,0
DA:1769,0
DA:1770,0
DA:1771,0
DA:1772,0
DA:1773,0
DA:1777,0
DA:1778,0
DA:1782,0
DA:1783,0
DA:1784,0
DA:1785,0
DA:1786,0
DA:1787,0
DA:1788,0
DA:1790,0
DA:1794,0
DA:1795,0
DA:1796,0
DA:1797,0
DA:1798,0
DA:1799,0
DA:1800,0
DA:1805,0
DA:1806,0
DA:1812,0
DA:1813,0
DA:1815,0
DA:1816,0
DA:1817,0
DA:1818,0
DA:1819,0
DA:1820,0
DA:1821,0
DA:1822,0
DA:1824,0
DA:1835,0
DA:1836,0
DA:1837,0
DA:1838,0
DA:1839,0
DA:1840,0
DA:1841,0
DA:1842,0
DA:1843,0
DA:1845,0
DA:1846,0
DA:1847,0
DA:1848,0
DA:1849,0
DA:1850,0
DA:1851,0
DA:1855,0
DA:1856,0
DA:1857,0
DA:1860,0
DA:1861,0
DA:1863,0
DA:1865,0
DA:1866,0
DA:1868,0
DA:1870,0
DA:1871,0
DA:1873,0
DA:1874,0
DA:1876,0
DA:1877,0
DA:1878,0
DA:1879,0
DA:1882,0
DA:1884,0
DA:1885,0
DA:1886,0
DA:1890,0
DA:1891,0
DA:1893,0
DA:1894,0
DA:1895,0
DA:1896,0
DA:1898,0
DA:1899,0
DA:1900,0
DA:1901,0
DA:1904,0
DA:1906,0
DA:1908,0
DA:1909,0
DA:1910,0
DA:1911,0
DA:1913,0
DA:1914,0
DA:1915,0
DA:1916,0
DA:1918,0
DA:1919,0
DA:1920,0
DA:1921,0
DA:1923,0
DA:1926,0
DA:1931,0
DA:1932,0
DA:1933,0
DA:1934,0
DA:1938,0
DA:1940,0
DA:1941,0
DA:1944,0
DA:1946,0
DA:1950,0
DA:1951,0
DA:1953,0
DA:1954,0
DA:1955,0
DA:1956,0
DA:1957,0
DA:1958,0
DA:1959,0
DA:1960,0
DA:1962,0
DA:1963,0
DA:1964,0
DA:1966,0
DA:1969,0
DA:1970,0
DA:1971,0
DA:1974,0
DA:1976,0
DA:1977,0
DA:1978,0
DA:1979,0
DA:1982,0
DA:1983,0
DA:1987,0
DA:1988,0
DA:1989,0
DA:1994,0
DA:1995,0
DA:2002,0
DA:2003,0
DA:2005,0
DA:2009,0
DA:2010,0
DA:2014,0
DA:2015,0
DA:2016,0
DA:2018,0
DA:2022,0
DA:2023,0
DA:2024,0
DA:2026,0
DA:2030,0
DA:2031,0
DA:2032,0
DA:2034,0
DA:2038,0
DA:2039,0
DA:2040,0
DA:2043,0
DA:2044,0
DA:2046,0
DA:2047,0
DA:2048,0
DA:2049,0
DA:2050,0
DA:2051,0
DA:2052,0
DA:2053,0
DA:2054,0
DA:2056,0
DA:2060,0
DA:2064,0
DA:2065,0
DA:2066,0
DA:2072,0
DA:2073,0
DA:2077,0
DA:2078,0
DA:2079,0
DA:2080,0
DA:2082,0
DA:2083,0
DA:2084,0
DA:2086,0
DA:2087,0
DA:2088,0
DA:2090,0
DA:2093,0
DA:2094,0
DA:2095,0
DA:2096,0
DA:2097,0
DA:2098,0
DA:2099,0
DA:2101,0
DA:2102,0
DA:2104,0
DA:2105,0
DA:2106,0
DA:2107,0
DA:2108,0
DA:2110,0
DA:2111,0
DA:2112,0
DA:2113,0
DA:2119,0
DA:2120,0
DA:2121,0
DA:2122,0
DA:2123,0
DA:2124,0
DA:2125,0
DA:2126,0
DA:2129,0
DA:2130,0
DA:2133,0
DA:2134,0
DA:2136,0
DA:2137,0
DA:2138,0
DA:2139,0
DA:2140,0
DA:2141,0
DA:2142,0
DA:2143,0
DA:2145,0
DA:2146,0
DA:2147,0
DA:2148,0
DA:2154,0
DA:2155,0
DA:2156,0
DA:2157,0
DA:2158,0
DA:2160,0
DA:2161,0
DA:2162,0
DA:2163,0
DA:2167,0
DA:2170,0
DA:2171,0
DA:2174,0
DA:2175,0
DA:2179,0
DA:2180,0
DA:2184,0
DA:2185,0
DA:2186,0
DA:2187,0
DA:2188,0
DA:2189,0
DA:2192,0
DA:2193,0
DA:2194,0
DA:2199,0
DA:2200,0
DA:2205,0
DA:2206,0
DA:2211,0
DA:2212,0
DA:2213,0
DA:2217,0
DA:2219,0
DA:2220,0
DA:2221,0
DA:2222,0
DA:2223,0
DA:2224,0
DA:2225,0
DA:2226,0
DA:2230,0
DA:2231,0
DA:2234,0
DA:2235,0
DA:2236,0
DA:2237,0
DA:2238,0
DA:2239,0
DA:2240,0
DA:2241,0
DA:2243,0
DA:2244,0
DA:2247,0
DA:2248,0
DA:2250,0
DA:2255,0
DA:2260,0
DA:2261,0
DA:2262,0
DA:2263,0
DA:2267,0
DA:2271,0
DA:2273,0
DA:2274,0
DA:2277,0
DA:2279,0
DA:2280,0
DA:2281,0
DA:2283,0
DA:2284,0
DA:2287,0
DA:2288,0
DA:2290,0
DA:2295,0
DA:2296,0
DA:2297,0
DA:2298,0
DA:2299,0
DA:2301,0
DA:2302,0
DA:2306,0
DA:2307,0
DA:2308,0
DA:2310,0
DA:2311,0
DA:2312,0
DA:2316,0
DA:2317,0
DA:2318,0
DA:2319,0
DA:2320,0
DA:2322,0
DA:2323,0
DA:2324,0
DA:2327,0
DA:2331,0
DA:2332,0
DA:2333,0
DA:2334,0
DA:2336,0
DA:2338,0
DA:2340,0
DA:2341,0
DA:2346,0
DA:2347,0
DA:2348,0
DA:2349,0
DA:2350,0
DA:2351,0
DA:2352,0
DA:2354,0
DA:2355,0
DA:2360,0
DA:2361,0
DA:2362,0
DA:2364,0
DA:2365,0
DA:2366,0
DA:2368,0
DA:2369,0
DA:2370,0
DA:2371,0
DA:2373,0
DA:2380,0
DA:2381,0
DA:2382,0
DA:2386,0
DA:2387,0
DA:2388,0
DA:2389,0
DA:2391,0
DA:2392,0
DA:2397,0
DA:2398,0
DA:2400,0
DA:2405,0
DA:2406,0
DA:2408,0
DA:2413,0
DA:2414,0
DA:2416,0
DA:2421,0
DA:2422,0
DA:2424,0
DA:2429,192
DA:2430,176
DA:2432,16
DA:2437,144
DA:2438,132
DA:2440,12
DA:2445,0
DA:2446,0
DA:2448,0
DA:2453,34
DA:2454,34
DA:2455,0
DA:2456,0
DA:2458,34
DA:2459,0
DA:2460,0
DA:2461,0
DA:2463,34
DA:2464,0
DA:2465,0
DA:2466,0
DA:2468,34
DA:2469,0
DA:2470,0
DA:2471,0
DA:2472,0
DA:2475,34
DA:2476,0
DA:2477,0
DA:2478,0
DA:2479,0
DA:2486,44
DA:2487,44
DA:2488,44
DA:2489,44
DA:2492,44
DA:2493,34
DA:2495,44
DA:2496,4
DA:2498,44
DA:2499,4
DA:2502,44
DA:2503,46
DA:2504,46
DA:2507,44
DA:2508,0
DA:2510,44
DA:2511,0
DA:2513,44
DA:2514,24
DA:2515,24
DA:2517,44
DA:2518,44
DA:2520,44
DA:2521,44
DA:2523,44
DA:2524,24
DA:2526,44
DA:2527,0
DA:2528,0
DA:2530,44
DA:2531,10
DA:2532,10
DA:2533,10
DA:2534,10
DA:2535,10
DA:2536,10
DA:2538,44
DA:2539,44
DA:2540,44
DA:2541,44
DA:2542,44
DA:2544,44
DA:2545,44
DA:2546,44
DA:2547,44
DA:2548,44
DA:2549,44
DA:2550,44
DA:2551,44
DA:2552,44
DA:2553,44
DA:2554,44
DA:2557,44
DA:2558,44
DA:2559,44
DA:2560,44
DA:2561,44
DA:2562,44
DA:2563,44
DA:2564,44
DA:2565,44
DA:2566,44
DA:2567,44
DA:2568,44
DA:2569,44
DA:2570,44
DA:2572,44
DA:2573,44
DA:2574,44
DA:2575,44
DA:2577,44
DA:2579,44
DA:2581,44
DA:2582,44
DA:2583,44
LF:1432
LH:293
BRDA:158,0,0,44
BRDA:158,0,1,1
BRDA:177,1,0,410
BRDA:177,1,1,408
BRDA:190,2,0,818
BRDA:190,2,1,481
BRDA:200,3,0,0
BRDA:200,3,1,34
BRDA:200,4,0,34
BRDA:200,4,1,24
BRDA:200,4,2,24
BRDA:227,5,0,25
BRDA:227,5,1,9
BRDA:230,6,0,3
BRDA:230,6,1,1
BRDA:231,7,0,9
BRDA:231,7,1,8
BRDA:234,8,0,2
BRDA:234,8,1,1
BRDA:250,9,0,6
BRDA:250,9,1,6
BRDA:251,10,0,0
BRDA:251,10,1,6
BRDA:251,11,0,6
BRDA:251,11,1,6
BRDA:254,12,0,3
BRDA:254,12,1,9
BRDA:254,13,0,12
BRDA:254,13,1,6
BRDA:262,14,0,3
BRDA:262,14,1,6
BRDA:262,15,0,9
BRDA:262,15,1,3
BRDA:289,16,0,4
BRDA:289,16,1,5
BRDA:295,17,0,4
BRDA:295,17,1,5
BRDA:299,18,0,0
BRDA:299,18,1,0
BRDA:304,19,0,0
BRDA:304,19,1,0
BRDA:311,20,0,0
BRDA:311,20,1,0
BRDA:312,21,0,0
BRDA:312,21,1,0
BRDA:320,22,0,0
BRDA:320,22,1,0
BRDA:328,23,0,0
BRDA:328,23,1,0
BRDA:339,24,0,1
BRDA:339,24,1,8
BRDA:344,25,0,7
BRDA:344,25,1,2
BRDA:344,26,0,9
BRDA:344,26,1,2
BRDA:351,27,0,2
BRDA:351,27,1,0
BRDA:351,28,0,2
BRDA:351,28,1,2
BRDA:370,29,0,0
BRDA:370,29,1,0
BRDA:378,30,0,0
BRDA:378,30,1,0
BRDA:385,31,0,0
BRDA:385,31,1,0
BRDA:414,32,0,0
BRDA:414,32,1,0
BRDA:414,33,0,0
BRDA:414,33,1,0
BRDA:439,34,0,0
BRDA:439,34,1,0
BRDA:439,35,0,0
BRDA:439,35,1,0
BRDA:439,35,2,0
BRDA:444,36,0,0
BRDA:444,36,1,0
BRDA:450,37,0,0
BRDA:450,37,1,0
BRDA:473,38,0,0
BRDA:473,38,1,0
BRDA:477,39,0,0
BRDA:477,39,1,0
BRDA:485,40,0,0
BRDA:485,40,1,0
BRDA:492,41,0,0
BRDA:492,41,1,0
BRDA:492,42,0,0
BRDA:492,42,1,0
BRDA:526,43,0,0
BRDA:526,43,1,0
BRDA:550,44,0,0
BRDA:550,44,1,0
BRDA:555,45,0,0
BRDA:555,45,1,0
BRDA:561,46,0,0
BRDA:561,46,1,0
BRDA:567,47,0,0
BRDA:567,47,1,0
BRDA:574,48,0,0
BRDA:574,48,1,0
BRDA:585,49,0,0
BRDA:585,49,1,0
BRDA:587,50,0,0
BRDA:587,50,1,0
BRDA:594,51,0,0
BRDA:594,51,1,0
BRDA:628,52,0,0
BRDA:628,52,1,0
BRDA:641,53,0,0
BRDA:641,53,1,0
BRDA:642,54,0,0
BRDA:642,54,1,0
BRDA:642,55,0,0
BRDA:642,55,1,0
BRDA:650,56,0,0
BRDA:650,56,1,0
BRDA:650,57,0,0
BRDA:650,57,1,0
BRDA:655,58,0,0
BRDA:655,58,1,0
BRDA:673,59,0,0
BRDA:673,59,1,0
BRDA:682,60,0,0
BRDA:682,60,1,0
BRDA:705,61,0,0
BRDA:705,61,1,0
BRDA:705,62,0,0
BRDA:705,62,1,0
BRDA:709,63,0,0
BRDA:709,63,1,0
BRDA:720,64,0,0
BRDA:720,64,1,0
BRDA:723,65,0,0
BRDA:723,65,1,0
BRDA:723,66,0,0
BRDA:723,66,1,0
BRDA:747,67,0,0
BRDA:747,67,1,0
BRDA:753,68,0,0
BRDA:753,68,1,0
BRDA:761,69,0,0
BRDA:761,69,1,0
BRDA:769,70,0,0
BRDA:769,70,1,0
BRDA:769,71,0,0
BRDA:769,71,1,0
BRDA:778,72,0,0
BRDA:778,72,1,0
BRDA:783,73,0,0
BRDA:783,73,1,0
BRDA:783,74,0,0
BRDA:783,74,1,0
BRDA:783,74,2,0
BRDA:783,74,3,0
BRDA:784,75,0,0
BRDA:784,75,1,0
BRDA:785,76,0,0
BRDA:785,76,1,0
BRDA:796,77,0,0
BRDA:796,77,1,0
BRDA:797,78,0,0
BRDA:797,78,1,0
BRDA:807,79,0,0
BRDA:807,79,1,0
BRDA:816,80,0,0
BRDA:816,80,1,0
BRDA:820,81,0,0
BRDA:820,81,1,0
BRDA:845,82,0,0
BRDA:845,82,1,0
BRDA:846,83,0,0
BRDA:846,83,1,0
BRDA:876,84,0,0
BRDA:876,84,1,0
BRDA:888,85,0,0
BRDA:888,85,1,0
BRDA:901,86,0,0
BRDA:901,86,1,0
BRDA:914,87,0,0
BRDA:914,87,1,0
BRDA:928,88,0,0
BRDA:928,88,1,0
BRDA:957,89,0,0
BRDA:957,89,1,0
BRDA:961,90,0,0
BRDA:961,90,1,0
BRDA:968,91,0,0
BRDA:968,91,1,0
BRDA:971,92,0,0
BRDA:971,92,1,0
BRDA:987,93,0,0
BRDA:987,93,1,0
BRDA:992,94,0,0
BRDA:992,94,1,0
BRDA:1008,95,0,0
BRDA:1008,95,1,0
BRDA:1010,96,0,0
BRDA:1010,96,1,0
BRDA:1047,97,0,0
BRDA:1047,97,1,0
BRDA:1111,98,0,0
BRDA:1111,98,1,0
BRDA:1130,99,0,9
BRDA:1130,99,1,0
BRDA:1143,100,0,0
BRDA:1143,100,1,0
BRDA:1143,101,0,0
BRDA:1143,101,1,0
BRDA:1153,102,0,0
BRDA:1153,102,1,0
BRDA:1153,103,0,0
BRDA:1153,103,1,0
BRDA:1159,104,0,0
BRDA:1159,104,1,0
BRDA:1161,105,0,0
BRDA:1161,105,1,0
BRDA:1165,106,0,0
BRDA:1165,106,1,0
BRDA:1165,107,0,0
BRDA:1165,107,1,0
BRDA:1182,108,0,0
BRDA:1182,108,1,0
BRDA:1182,109,0,0
BRDA:1182,109,1,0
BRDA:1191,110,0,0
BRDA:1191,110,1,0
BRDA:1192,111,0,0
BRDA:1192,111,1,0
BRDA:1202,112,0,0
BRDA:1203,113,0,0
BRDA:1203,113,1,0
BRDA:1207,114,0,0
BRDA:1207,114,1,0
BRDA:1225,115,0,0
BRDA:1225,115,1,0
BRDA:1225,116,0,0
BRDA:1225,116,1,0
BRDA:1225,116,2,0
BRDA:1236,117,0,0
BRDA:1236,117,1,0
BRDA:1248,118,0,8
BRDA:1248,118,1,0
BRDA:1253,119,0,0
BRDA:1253,119,1,1
BRDA:1258,120,0,0
BRDA:1258,120,1,1
BRDA:1267,121,0,0
BRDA:1267,121,1,0
BRDA:1271,122,0,0
BRDA:1271,122,1,0
BRDA:1277,123,0,0
BRDA:1277,123,1,0
BRDA:1299,124,0,0
BRDA:1299,124,1,0
BRDA:1332,125,0,0
BRDA:1332,125,1,0
BRDA:1348,126,0,0
BRDA:1348,126,1,0
BRDA:1348,127,0,0
BRDA:1348,127,1,0
BRDA:1366,128,0,0
BRDA:1366,128,1,0
BRDA:1366,129,0,0
BRDA:1366,129,1,0
BRDA:1370,130,0,0
BRDA:1370,130,1,0
BRDA:1370,131,0,0
BRDA:1370,131,1,0
BRDA:1374,132,0,0
BRDA:1374,132,1,0
BRDA:1391,133,0,0
BRDA:1391,133,1,0
BRDA:1398,134,0,0
BRDA:1398,134,1,0
BRDA:1404,135,0,0
BRDA:1404,135,1,0
BRDA:1405,136,0,0
BRDA:1405,136,1,0
BRDA:1418,137,0,0
BRDA:1418,137,1,0
BRDA:1422,138,0,0
BRDA:1422,138,1,0
BRDA:1428,139,0,0
BRDA:1428,139,1,0
BRDA:1428,140,0,0
BRDA:1428,140,1,0
BRDA:1428,140,2,0
BRDA:1434,141,0,0
BRDA:1434,141,1,0
BRDA:1470,142,0,0
BRDA:1471,143,0,0
BRDA:1474,144,0,0
BRDA:1474,144,1,0
BRDA:1482,145,0,0
BRDA:1482,145,1,0
BRDA:1517,146,0,0
BRDA:1517,146,1,0
BRDA:1537,147,0,1
BRDA:1537,147,1,7
BRDA:1538,148,0,0
BRDA:1538,148,1,1
BRDA:1576,149,0,0
BRDA:1576,149,1,0
BRDA:1577,150,0,0
BRDA:1577,150,1,0
BRDA:1589,151,0,0
BRDA:1589,151,1,0
BRDA:1590,152,0,0
BRDA:1590,152,1,0
BRDA:1612,153,0,0
BRDA:1612,153,1,0
BRDA:1612,154,0,0
BRDA:1612,154,1,0
BRDA:1621,155,0,0
BRDA:1621,155,1,0
BRDA:1625,156,0,0
BRDA:1625,156,1,0
BRDA:1629,157,0,0
BRDA:1629,157,1,0
BRDA:1632,158,0,0
BRDA:1632,158,1,0
BRDA:1641,159,0,0
BRDA:1641,159,1,0
BRDA:1654,160,0,0
BRDA:1654,160,1,0
BRDA:1660,161,0,0
BRDA:1660,161,1,0
BRDA:1664,162,0,0
BRDA:1664,162,1,0
BRDA:1690,163,0,0
BRDA:1690,163,1,0
BRDA:1694,164,0,0
BRDA:1694,164,1,0
BRDA:1695,165,0,0
BRDA:1695,165,1,0
BRDA:1695,166,0,0
BRDA:1695,166,1,0
BRDA:1698,167,0,0
BRDA:1698,167,1,0
BRDA:1698,168,0,0
BRDA:1698,168,1,0
BRDA:1720,169,0,0
BRDA:1720,169,1,0
BRDA:1723,170,0,0
BRDA:1723,170,1,0
BRDA:1729,171,0,0
BRDA:1729,171,1,0
BRDA:1743,172,0,0
BRDA:1743,172,1,0
BRDA:1751,173,0,0
BRDA:1751,173,1,0
BRDA:1751,174,0,0
BRDA:1751,174,1,0
BRDA:1763,175,0,0
BRDA:1763,175,1,0
BRDA:1772,176,0,0
BRDA:1772,176,1,0
BRDA:1777,177,0,0
BRDA:1777,177,1,0
BRDA:1805,178,0,0
BRDA:1805,178,1,0
BRDA:1829,179,0,0
BRDA:1829,180,0,0
BRDA:1829,181,0,0
BRDA:1835,182,0,0
BRDA:1835,182,1,0
BRDA:1836,183,0,0
BRDA:1836,183,1,0
BRDA:1873,184,0,0
BRDA:1873,184,1,0
BRDA:1884,185,0,0
BRDA:1884,185,1,0
BRDA:1885,186,0,0
BRDA:1885,186,1,0
BRDA:1890,187,0,0
BRDA:1890,187,1,0
BRDA:1895,188,0,0
BRDA:1895,188,1,0
BRDA:1908,189,0,0
BRDA:1908,189,1,0
BRDA:1910,190,0,0
BRDA:1910,190,1,0
BRDA:1911,191,0,0
BRDA:1911,191,1,0
BRDA:1915,192,0,0
BRDA:1915,192,1,0
BRDA:1940,193,0,0
BRDA:1940,193,1,0
BRDA:1944,194,0,0
BRDA:1944,194,1,0
BRDA:1953,195,0,0
BRDA:1953,195,1,0
BRDA:1956,196,0,0
BRDA:1956,196,1,0
BRDA:1969,197,0,0
BRDA:1969,197,1,0
BRDA:1969,198,0,0
BRDA:1969,198,1,0
BRDA:1977,199,0,0
BRDA:1977,199,1,0
BRDA:1982,200,0,0
BRDA:1982,200,1,0
BRDA:1987,201,0,0
BRDA:1987,201,1,0
BRDA:1987,202,0,0
BRDA:1987,202,1,0
BRDA:2002,203,0,0
BRDA:2002,203,1,0
BRDA:2044,204,0,0
BRDA:2044,204,1,0
BRDA:2050,205,0,0
BRDA:2050,205,1,0
BRDA:2051,206,0,0
BRDA:2051,206,1,0
BRDA:2052,207,0,0
BRDA:2052,207,1,0
BRDA:2052,208,0,0
BRDA:2052,208,1,0
BRDA:2063,209,0,0
BRDA:2063,210,0,0
BRDA:2065,211,0,0
BRDA:2065,211,1,0
BRDA:2065,212,0,0
BRDA:2065,212,1,0
BRDA:2083,213,0,0
BRDA:2083,213,1,0
BRDA:2087,214,0,0
BRDA:2087,214,1,0
BRDA:2104,215,0,0
BRDA:2104,215,1,0
BRDA:2110,216,0,0
BRDA:2110,216,1,0
BRDA:2124,217,0,0
BRDA:2124,217,1,0
BRDA:2124,218,0,0
BRDA:2124,218,1,0
BRDA:2133,219,0,0
BRDA:2133,219,1,0
BRDA:2138,220,0,0
BRDA:2138,220,1,0
BRDA:2138,221,0,0
BRDA:2138,221,1,0
BRDA:2138,221,2,0
BRDA:2138,221,3,0
BRDA:2187,222,0,0
BRDA:2187,222,1,0
BRDA:2199,223,0,0
BRDA:2199,223,1,0
BRDA:2205,224,0,0
BRDA:2205,224,1,0
BRDA:2225,225,0,0
BRDA:2225,225,1,0
BRDA:2230,226,0,0
BRDA:2230,226,1,0
BRDA:2237,227,0,0
BRDA:2237,227,1,0
BRDA:2238,228,0,0
BRDA:2238,228,1,0
BRDA:2239,229,0,0
BRDA:2239,229,1,0
BRDA:2247,230,0,0
BRDA:2247,230,1,0
BRDA:2262,231,0,0
BRDA:2262,231,1,0
BRDA:2270,232,0,0
BRDA:2270,233,0,0
BRDA:2270,234,0,0
BRDA:2283,235,0,0
BRDA:2283,235,1,0
BRDA:2283,236,0,0
BRDA:2283,236,1,0
BRDA:2283,236,2,0
BRDA:2283,236,3,0
BRDA:2287,237,0,0
BRDA:2287,237,1,0
BRDA:2305,238,0,0
BRDA:2307,239,0,0
BRDA:2307,239,1,0
BRDA:2307,240,0,0
BRDA:2307,240,1,0
BRDA:2311,241,0,0
BRDA:2311,241,1,0
BRDA:2317,242,0,0
BRDA:2317,242,1,0
BRDA:2333,243,0,0
BRDA:2333,243,1,0
BRDA:2340,244,0,0
BRDA:2340,244,1,0
BRDA:2347,245,0,0
BRDA:2347,245,1,0
BRDA:2360,246,0,0
BRDA:2360,246,1,0
BRDA:2361,247,0,0
BRDA:2361,247,1,0
BRDA:2361,248,0,0
BRDA:2361,248,1,0
BRDA:2364,249,0,0
BRDA:2364,249,1,0
BRDA:2386,250,0,0
BRDA:2386,250,1,0
BRDA:2388,251,0,0
BRDA:2388,251,1,0
BRDA:2391,252,0,0
BRDA:2391,252,1,0
BRDA:2396,253,0,0
BRDA:2397,254,0,0
BRDA:2397,254,1,0
BRDA:2397,255,0,0
BRDA:2397,255,1,0
BRDA:2404,256,0,0
BRDA:2405,257,0,0
BRDA:2405,257,1,0
BRDA:2405,258,0,0
BRDA:2405,258,1,0
BRDA:2412,259,0,0
BRDA:2413,260,0,0
BRDA:2413,260,1,0
BRDA:2413,261,0,0
BRDA:2413,261,1,0
BRDA:2420,262,0,0
BRDA:2421,263,0,0
BRDA:2421,263,1,0
BRDA:2421,264,0,0
BRDA:2421,264,1,0
BRDA:2428,265,0,0
BRDA:2429,266,0,176
BRDA:2429,266,1,16
BRDA:2429,267,0,192
BRDA:2429,267,1,192
BRDA:2436,268,0,0
BRDA:2437,269,0,132
BRDA:2437,269,1,12
BRDA:2437,270,0,144
BRDA:2437,270,1,144
BRDA:2444,271,0,0
BRDA:2445,272,0,0
BRDA:2445,272,1,0
BRDA:2445,273,0,0
BRDA:2445,273,1,0
BRDA:2454,274,0,0
BRDA:2454,274,1,34
BRDA:2458,275,0,0
BRDA:2458,275,1,34
BRDA:2458,276,0,34
BRDA:2458,276,1,0
BRDA:2463,277,0,0
BRDA:2463,277,1,34
BRDA:2463,278,0,34
BRDA:2463,278,1,0
BRDA:2469,279,0,0
BRDA:2469,279,1,0
BRDA:2469,280,0,0
BRDA:2469,280,1,0
BRDA:2476,281,0,0
BRDA:2476,281,1,0
BRDA:2476,282,0,0
BRDA:2476,282,1,0
BRDA:2487,283,0,44
BRDA:2487,283,1,0
BRDA:2492,284,0,34
BRDA:2492,284,1,10
BRDA:2495,285,0,4
BRDA:2495,285,1,40
BRDA:2498,286,0,4
BRDA:2498,286,1,40
BRDA:2507,287,0,0
BRDA:2507,287,1,44
BRDA:2510,288,0,0
BRDA:2510,288,1,44
BRDA:2513,289,0,24
BRDA:2513,289,1,20
BRDA:2517,290,0,44
BRDA:2517,290,1,0
BRDA:2520,291,0,44
BRDA:2520,291,1,0
BRDA:2523,292,0,24
BRDA:2523,292,1,20
BRDA:2526,293,0,0
BRDA:2526,293,1,44
BRDA:2530,294,0,10
BRDA:2530,294,1,34
BRF:581
BRH:82
end_of_record
TN:
SF:projects/tablejs/src/lib/directives/grid-row/grid-row.directive.ts
FN:11,(anonymous_0)
FN:14,(anonymous_1)
FN:18,(anonymous_2)
FNF:3
FNH:3
FNDA:8,(anonymous_0)
FNDA:5,(anonymous_1)
FNDA:6,(anonymous_2)
DA:9,1
DA:11,8
DA:15,5
DA:19,6
DA:20,6
DA:21,1
LF:6
LH:6
BRDA:20,0,0,1
BRDA:20,0,1,5
BRDA:20,1,0,6
BRDA:20,1,1,1
BRF:4
BRH:4
end_of_record
TN:
SF:projects/tablejs/src/lib/directives/hide-column-if/hide-column-if.directive.ts
FN:243,(anonymous_0)
FN:18,(anonymous_1)
FN:39,(anonymous_2)
FN:58,(anonymous_3)
FN:67,(anonymous_4)
FN:83,(anonymous_5)
FN:87,(anonymous_6)
FN:88,(anonymous_7)
FN:94,(anonymous_8)
FN:120,(anonymous_9)
FN:123,(anonymous_10)
FN:142,(anonymous_11)
FN:147,(anonymous_12)
FN:157,(anonymous_13)
FN:161,(anonymous_14)
FN:169,(anonymous_15)
FN:177,(anonymous_16)
FN:186,(anonymous_17)
FN:187,(anonymous_18)
FN:196,(anonymous_19)
FN:202,(anonymous_20)
FN:216,(anonymous_21)
FN:217,(anonymous_22)
FN:233,(anonymous_23)
FN:237,(anonymous_24)
FN:247,(anonymous_25)
FNF:26
FNH:3
FNDA:2,(anonymous_0)
FNDA:1,(anonymous_1)
FNDA:0,(anonymous_2)
FNDA:0,(anonymous_3)
FNDA:0,(anonymous_4)
FNDA:0,(anonymous_5)
FNDA:0,(anonymous_6)
FNDA:0,(anonymous_7)
FNDA:0,(anonymous_8)
FNDA:0,(anonymous_9)
FNDA:0,(anonymous_10)
FNDA:0,(anonymous_11)
FNDA:0,(anonymous_12)
FNDA:0,(anonymous_13)
FNDA:0,(anonymous_14)
FNDA:0,(anonymous_15)
FNDA:0,(anonymous_16)
FNDA:0,(anonymous_17)
FNDA:0,(anonymous_18)
FNDA:0,(anonymous_19)
FNDA:0,(anonymous_20)
FNDA:0,(anonymous_21)
FNDA:0,(anonymous_22)
FNDA:0,(anonymous_23)
FNDA:0,(anonymous_24)
FNDA:1,(anonymous_25)
DA:9,1
DA:11,2
DA:13,2
DA:14,2
DA:15,2
DA:16,2
DA:20,1
DA:21,1
DA:23,1
DA:24,1
DA:26,1
DA:27,1
DA:28,0
DA:30,0
DA:31,0
DA:32,0
DA:33,0
DA:36,0
DA:38,0
DA:39,0
DA:40,0
DA:43,0
DA:44,0
DA:47,0
DA:49,0
DA:51,0
DA:52,0
DA:53,0
DA:54,0
DA:55,0
DA:58,0
DA:59,0
DA:62,0
DA:63,0
DA:64,0
DA:67,0
DA:68,0
DA:71,0
DA:72,0
DA:73,0
DA:78,0
DA:79,0
DA:80,0
DA:84,0
DA:88,0
DA:89,0
DA:91,0
DA:95,0
DA:96,0
DA:97,0
DA:98,0
DA:99,0
DA:100,0
DA:102,0
DA:104,0
DA:105,0
DA:106,0
DA:107,0
DA:108,0
DA:109,0
DA:110,0
DA:111,0
DA:112,0
DA:113,0
DA:114,0
DA:122,0
DA:123,0
DA:124,0
DA:127,0
DA:129,0
DA:130,0
DA:131,0
DA:132,0
DA:134,0
DA:135,0
DA:139,0
DA:144,0
DA:145,0
DA:146,0
DA:147,0
DA:148,0
DA:151,0
DA:152,0
DA:153,0
DA:154,0
DA:157,0
DA:158,0
DA:161,0
DA:162,0
DA:166,0
DA:170,0
DA:171,0
DA:172,0
DA:173,0
DA:178,0
DA:179,0
DA:180,0
DA:181,0
DA:182,0
DA:187,0
DA:188,0
DA:191,0
DA:194,0
DA:195,0
DA:196,0
DA:197,0
DA:198,0
DA:202,0
DA:203,0
DA:205,0
DA:206,0
DA:207,0
DA:208,0
DA:209,0
DA:213,0
DA:217,0
DA:218,0
DA:221,0
DA:222,0
DA:224,0
DA:225,0
DA:227,0
DA:228,0
DA:229,0
DA:230,0
DA:233,0
DA:234,0
DA:237,0
DA:238,0
DA:243,2
DA:244,2
DA:248,1
LF:132
LH:15
BRDA:27,0,0,0
BRDA:27,0,1,1
BRDA:31,1,0,0
BRDA:31,1,1,0
BRDA:43,2,0,0
BRDA:43,2,1,0
BRDA:47,3,0,0
BRDA:47,3,1,0
BRDA:52,4,0,0
BRDA:52,4,1,0
BRDA:52,5,0,0
BRDA:52,5,1,0
BRDA:63,6,0,0
BRDA:63,6,1,0
BRDA:72,7,0,0
BRDA:72,7,1,0
BRDA:78,8,0,0
BRDA:78,8,1,0
BRDA:89,9,0,0
BRDA:89,9,1,0
BRDA:104,10,0,0
BRDA:104,10,1,0
BRDA:109,11,0,0
BRDA:109,11,1,0
BRDA:111,12,0,0
BRDA:111,12,1,0
BRDA:112,13,0,0
BRDA:112,13,1,0
BRDA:131,14,0,0
BRDA:131,14,1,0
BRDA:134,15,0,0
BRDA:134,15,1,0
BRDA:152,16,0,0
BRDA:152,16,1,0
BRDA:194,17,0,0
BRDA:194,17,1,0
BRDA:197,18,0,0
BRDA:197,18,1,0
BRDA:208,19,0,0
BRDA:208,19,1,0
BRDA:222,20,0,0
BRDA:222,20,1,0
BRDA:224,21,0,0
BRDA:224,21,1,0
BRF:44
BRH:1
end_of_record
TN:
SF:projects/tablejs/src/lib/directives/infinite-scroll/infinite-scroll.directive.ts
FN:11,(anonymous_0)
FN:14,(anonymous_1)
FN:18,(anonymous_2)
FNF:3
FNH:3
FNDA:8,(anonymous_0)
FNDA:5,(anonymous_1)
FNDA:6,(anonymous_2)
DA:9,1
DA:11,8
DA:15,5
DA:19,6
DA:20,6
DA:21,1
LF:6
LH:6
BRDA:20,0,0,1
BRDA:20,0,1,5
BRDA:20,1,0,6
BRDA:20,1,1,1
BRF:4
BRH:4
end_of_record
TN:
SF:projects/tablejs/src/lib/directives/reorder-col/reorder-col.directive.ts
FN:12,(anonymous_0)
FN:15,(anonymous_1)
FN:19,(anonymous_2)
FN:28,(anonymous_3)
FNF:4
FNH:4
FNDA:8,(anonymous_0)
FNDA:5,(anonymous_1)
FNDA:6,(anonymous_2)
FNDA:4,(anonymous_3)
DA:7,1
DA:9,8
DA:10,8
DA:12,8
DA:16,5
DA:20,6
DA:21,6
DA:22,1
DA:23,1
DA:24,1
DA:29,4
DA:30,4
DA:31,4
DA:32,4
LF:14
LH:14
BRDA:21,0,0,1
BRDA:21,0,1,5
BRF:2
BRH:2
end_of_record
TN:
SF:projects/tablejs/src/lib/directives/reorder-grip/reorder-grip.directive.ts
FN:9,(anonymous_0)
FN:11,(anonymous_1)
FN:15,(anonymous_2)
FNF:3
FNH:3
FNDA:8,(anonymous_0)
FNDA:5,(anonymous_1)
FNDA:6,(anonymous_2)
DA:7,1
DA:9,8
DA:12,5
DA:16,6
DA:17,6
DA:18,1
LF:6
LH:6
BRDA:17,0,0,1
BRDA:17,0,1,5
BRDA:17,1,0,6
BRDA:17,1,1,1
BRF:4
BRH:4
end_of_record
TN:
SF:projects/tablejs/src/lib/directives/resizable-grip/resizable-grip.directive.ts
FN:9,(anonymous_0)
FN:12,(anonymous_1)
FN:16,(anonymous_2)
FNF:3
FNH:3
FNDA:8,(anonymous_0)
FNDA:5,(anonymous_1)
FNDA:6,(anonymous_2)
DA:7,1
DA:9,8
DA:13,5
DA:17,6
DA:18,6
DA:19,1
LF:6
LH:6
BRDA:18,0,0,1
BRDA:18,0,1,5
BRDA:18,1,0,6
BRDA:18,1,1,1
BRF:4
BRH:4
end_of_record
TN:
SF:projects/tablejs/src/lib/directives/scroll-viewport/scroll-viewport.directive.ts
FN:141,(anonymous_0)
FN:826,(anonymous_1)
FN:828,(anonymous_2)
FN:830,(anonymous_3)
FN:832,(anonymous_4)
FN:28,(anonymous_5)
FN:31,(anonymous_6)
FN:36,(anonymous_7)
FN:39,(anonymous_8)
FN:44,(anonymous_9)
FN:47,(anonymous_10)
FN:52,(anonymous_11)
FN:55,(anonymous_12)
FN:60,(anonymous_13)
FN:63,(anonymous_14)
FN:156,(anonymous_15)
FN:172,(anonymous_16)
FN:176,(anonymous_17)
FN:178,(anonymous_18)
FN:179,(anonymous_19)
FN:192,(anonymous_20)
FN:195,(anonymous_21)
FN:202,(anonymous_22)
FN:203,(anonymous_23)
FN:211,(anonymous_24)
FN:221,(anonymous_25)
FN:242,(anonymous_26)
FN:286,(anonymous_27)
FN:287,(anonymous_28)
FN:292,(anonymous_29)
FN:342,(anonymous_30)
FN:348,(anonymous_31)
FN:377,(anonymous_32)
FN:382,(anonymous_33)
FN:386,(anonymous_34)
FN:403,(anonymous_35)
FN:409,(anonymous_36)
FN:410,(anonymous_37)
FN:414,(anonymous_38)
FN:418,(anonymous_39)
FN:474,(anonymous_40)
FN:478,(anonymous_41)
FN:493,(anonymous_42)
FN:498,(anonymous_43)
FN:532,(anonymous_44)
FN:559,(anonymous_45)
FN:563,(anonymous_46)
FN:583,(anonymous_47)
FN:605,(anonymous_48)
FN:626,(anonymous_49)
FN:654,(anonymous_50)
FN:672,(anonymous_51)
FN:677,(anonymous_52)
FN:685,(anonymous_53)
FN:695,(anonymous_54)
FN:706,(anonymous_55)
FN:710,(anonymous_56)
FN:717,(anonymous_57)
FN:723,(anonymous_58)
FN:732,(anonymous_59)
FN:741,(anonymous_60)
FN:773,(anonymous_61)
FN:777,(anonymous_62)
FN:781,(anonymous_63)
FN:794,(anonymous_64)
FN:802,(anonymous_65)
FN:821,(anonymous_66)
FN:823,(anonymous_67)
FN:835,(anonymous_68)
FN:846,(anonymous_69)
FN:970,(anonymous_70)
FN:1077,(anonymous_71)
FN:1120,(anonymous_72)
FN:1177,(anonymous_73)
FN:1186,(anonymous_74)
FN:1200,(anonymous_75)
FN:1208,(anonymous_76)
FN:1220,(anonymous_77)
FN:1232,(anonymous_78)
FN:1248,(anonymous_79)
FN:1251,(anonymous_80)
FN:1254,(anonymous_81)
FNF:82
FNH:1
FNDA:25,(anonymous_0)
FNDA:0,(anonymous_1)
FNDA:0,(anonymous_2)
FNDA:0,(anonymous_3)
FNDA:0,(anonymous_4)
FNDA:0,(anonymous_5)
FNDA:0,(anonymous_6)
FNDA:0,(anonymous_7)
FNDA:0,(anonymous_8)
FNDA:0,(anonymous_9)
FNDA:0,(anonymous_10)
FNDA:0,(anonymous_11)
FNDA:0,(anonymous_12)
FNDA:0,(anonymous_13)
FNDA:0,(anonymous_14)
FNDA:0,(anonymous_15)
FNDA:0,(anonymous_16)
FNDA:0,(anonymous_17)
FNDA:0,(anonymous_18)
FNDA:0,(anonymous_19)
FNDA:0,(anonymous_20)
FNDA:0,(anonymous_21)
FNDA:0,(anonymous_22)
FNDA:0,(anonymous_23)
FNDA:0,(anonymous_24)
FNDA:0,(anonymous_25)
FNDA:0,(anonymous_26)
FNDA:0,(anonymous_27)
FNDA:0,(anonymous_28)
FNDA:0,(anonymous_29)
FNDA:0,(anonymous_30)
FNDA:0,(anonymous_31)
FNDA:0,(anonymous_32)
FNDA:0,(anonymous_33)
FNDA:0,(anonymous_34)
FNDA:0,(anonymous_35)
FNDA:0,(anonymous_36)
FNDA:0,(anonymous_37)
FNDA:0,(anonymous_38)
FNDA:0,(anonymous_39)
FNDA:0,(anonymous_40)
FNDA:0,(anonymous_41)
FNDA:0,(anonymous_42)
FNDA:0,(anonymous_43)
FNDA:0,(anonymous_44)
FNDA:0,(anonymous_45)
FNDA:0,(anonymous_46)
FNDA:0,(anonymous_47)
FNDA:0,(anonymous_48)
FNDA:0,(anonymous_49)
FNDA:0,(anonymous_50)
FNDA:0,(anonymous_51)
FNDA:0,(anonymous_52)
FNDA:0,(anonymous_53)
FNDA:0,(anonymous_54)
FNDA:0,(anonymous_55)
FNDA:0,(anonymous_56)
FNDA:0,(anonymous_57)
FNDA:0,(anonymous_58)
FNDA:0,(anonymous_59)
FNDA:0,(anonymous_60)
FNDA:0,(anonymous_61)
FNDA:0,(anonymous_62)
FNDA:0,(anonymous_63)
FNDA:0,(anonymous_64)
FNDA:0,(anonymous_65)
FNDA:0,(anonymous_66)
FNDA:0,(anonymous_67)
FNDA:0,(anonymous_68)
FNDA:0,(anonymous_69)
FNDA:0,(anonymous_70)
FNDA:0,(anonymous_71)
FNDA:0,(anonymous_72)
FNDA:0,(anonymous_73)
FNDA:0,(anonymous_74)
FNDA:0,(anonymous_75)
FNDA:0,(anonymous_76)
FNDA:0,(anonymous_77)
FNDA:0,(anonymous_78)
FNDA:0,(anonymous_79)
FNDA:0,(anonymous_80)
FNDA:0,(anonymous_81)
DA:21,1
DA:23,25
DA:25,25
DA:26,25
DA:27,25
DA:29,0
DA:32,0
DA:35,25
DA:37,0
DA:40,0
DA:43,25
DA:45,0
DA:48,0
DA:51,25
DA:53,0
DA:56,0
DA:59,25
DA:61,0
DA:64,0
DA:69,25
DA:72,25
DA:73,25
DA:74,25
DA:75,25
DA:76,25
DA:77,25
DA:80,25
DA:81,25
DA:82,25
DA:83,25
DA:84,25
DA:85,25
DA:86,25
DA:88,25
DA:89,25
DA:90,25
DA:91,25
DA:92,25
DA:93,25
DA:94,25
DA:95,25
DA:98,25
DA:100,25
DA:101,25
DA:102,25
DA:103,25
DA:104,25
DA:105,25
DA:106,25
DA:107,25
DA:108,25
DA:109,25
DA:110,25
DA:111,25
DA:113,25
DA:114,25
DA:115,25
DA:116,25
DA:117,25
DA:118,25
DA:120,25
DA:121,25
DA:122,25
DA:123,25
DA:124,25
DA:125,25
DA:127,25
DA:128,25
DA:129,25
DA:130,25
DA:132,25
DA:133,25
DA:134,25
DA:136,25
DA:138,25
DA:142,25
DA:143,25
DA:144,25
DA:145,25
DA:146,25
DA:147,25
DA:148,25
DA:149,25
DA:150,25
DA:152,25
DA:153,25
DA:158,0
DA:160,0
DA:161,0
DA:162,0
DA:163,0
DA:165,0
DA:166,0
DA:168,0
DA:173,0
DA:177,0
DA:178,0
DA:179,0
DA:180,0
DA:184,0
DA:193,0
DA:194,0
DA:195,0
DA:196,0
DA:197,0
DA:203,0
DA:204,0
DA:205,0
DA:206,0
DA:212,0
DA:213,0
DA:214,0
DA:215,0
DA:216,0
DA:217,0
DA:218,0
DA:222,0
DA:223,0
DA:225,0
DA:226,0
DA:228,0
DA:229,0
DA:231,0
DA:232,0
DA:234,0
DA:235,0
DA:237,0
DA:238,0
DA:243,0
DA:244,0
DA:245,0
DA:246,0
DA:249,0
DA:250,0
DA:251,0
DA:252,0
DA:253,0
DA:254,0
DA:255,0
DA:256,0
DA:258,0
DA:259,0
DA:260,0
DA:261,0
DA:262,0
DA:263,0
DA:264,0
DA:265,0
DA:266,0
DA:267,0
DA:270,0
DA:272,0
DA:273,0
DA:274,0
DA:275,0
DA:276,0
DA:277,0
DA:279,0
DA:280,0
DA:281,0
DA:282,0
DA:283,0
DA:287,0
DA:288,0
DA:293,0
DA:294,0
DA:296,0
DA:297,0
DA:299,0
DA:300,0
DA:303,0
DA:304,0
DA:305,0
DA:307,0
DA:308,0
DA:309,0
DA:311,0
DA:312,0
DA:313,0
DA:314,0
DA:315,0
DA:316,0
DA:318,0
DA:320,0
DA:321,0
DA:322,0
DA:324,0
DA:326,0
DA:328,0
DA:329,0
DA:331,0
DA:334,0
DA:335,0
DA:338,0
DA:339,0
DA:343,0
DA:345,0
DA:346,0
DA:348,0
DA:349,0
DA:350,0
DA:352,0
DA:353,0
DA:354,0
DA:355,0
DA:358,0
DA:360,0
DA:365,0
DA:366,0
DA:368,0
DA:369,0
DA:374,0
DA:378,0
DA:379,0
DA:383,0
DA:387,0
DA:388,0
DA:389,0
DA:390,0
DA:392,0
DA:393,0
DA:394,0
DA:395,0
DA:396,0
DA:397,0
DA:398,0
DA:404,0
DA:405,0
DA:406,0
DA:410,0
DA:411,0
DA:414,0
DA:415,0
DA:418,0
DA:420,0
DA:422,0
DA:424,0
DA:426,0
DA:427,0
DA:428,0
DA:430,0
DA:431,0
DA:432,0
DA:434,0
DA:436,0
DA:437,0
DA:438,0
DA:440,0
DA:441,0
DA:442,0
DA:443,0
DA:445,0
DA:446,0
DA:447,0
DA:450,0
DA:452,0
DA:453,0
DA:454,0
DA:456,0
DA:457,0
DA:458,0
DA:460,0
DA:461,0
DA:462,0
DA:464,0
DA:465,0
DA:466,0
DA:475,0
DA:476,0
DA:478,0
DA:479,0
DA:480,0
DA:482,0
DA:484,0
DA:485,0
DA:489,0
DA:490,0
DA:494,0
DA:495,0
DA:499,0
DA:500,0
DA:501,0
DA:502,0
DA:503,0
DA:504,0
DA:505,0
DA:506,0
DA:507,0
DA:508,0
DA:509,0
DA:510,0
DA:511,0
DA:514,0
DA:515,0
DA:516,0
DA:518,0
DA:519,0
DA:521,0
DA:522,0
DA:523,0
DA:524,0
DA:526,0
DA:527,0
DA:529,0
DA:534,0
DA:535,0
DA:537,0
DA:539,0
DA:540,0
DA:541,0
DA:543,0
DA:544,0
DA:547,0
DA:549,0
DA:550,0
DA:551,0
DA:554,0
DA:555,0
DA:560,0
DA:564,0
DA:565,0
DA:566,0
DA:567,0
DA:568,0
DA:569,0
DA:570,0
DA:572,0
DA:573,0
DA:574,0
DA:576,0
DA:577,0
DA:578,0
DA:584,0
DA:585,0
DA:588,0
DA:589,0
DA:590,0
DA:591,0
DA:592,0
DA:594,0
DA:595,0
DA:596,0
DA:598,0
DA:599,0
DA:600,0
DA:606,0
DA:607,0
DA:609,0
DA:610,0
DA:611,0
DA:613,0
DA:615,0
DA:616,0
DA:617,0
DA:618,0
DA:621,0
DA:622,0
DA:627,0
DA:628,0
DA:629,0
DA:630,0
DA:631,0
DA:632,0
DA:633,0
DA:634,0
DA:635,0
DA:636,0
DA:637,0
DA:638,0
DA:639,0
DA:640,0
DA:641,0
DA:642,0
DA:643,0
DA:644,0
DA:645,0
DA:646,0
DA:647,0
DA:648,0
DA:649,0
DA:650,0
DA:651,0
DA:655,0
DA:656,0
DA:657,0
DA:658,0
DA:660,0
DA:661,0
DA:663,0
DA:664,0
DA:665,0
DA:666,0
DA:668,0
DA:669,0
DA:673,0
DA:674,0
DA:675,0
DA:678,0
DA:679,0
DA:681,0
DA:682,0
DA:686,0
DA:687,0
DA:689,0
DA:690,0
DA:691,0
DA:693,0
DA:696,0
DA:697,0
DA:699,0
DA:700,0
DA:701,0
DA:703,0
DA:707,0
DA:711,0
DA:712,0
DA:713,0
DA:714,0
DA:718,0
DA:719,0
DA:724,0
DA:725,0
DA:726,0
DA:727,0
DA:729,0
DA:733,0
DA:734,0
DA:735,0
DA:736,0
DA:738,0
DA:742,0
DA:743,0
DA:744,0
DA:745,0
DA:746,0
DA:749,0
DA:750,0
DA:751,0
DA:753,0
DA:754,0
DA:755,0
DA:756,0
DA:758,0
DA:760,0
DA:761,0
DA:763,0
DA:764,0
DA:765,0
DA:766,0
DA:768,0
DA:769,0
DA:774,0
DA:778,0
DA:782,0
DA:783,0
DA:784,0
DA:786,0
DA:787,0
DA:789,0
DA:795,0
DA:803,0
DA:805,0
DA:806,0
DA:809,0
DA:810,0
DA:811,0
DA:812,0
DA:814,0
DA:815,0
DA:826,25
DA:828,25
DA:830,25
DA:832,25
DA:838,0
DA:839,0
DA:840,0
DA:841,0
DA:843,0
DA:847,0
DA:849,0
DA:850,0
DA:851,0
DA:852,0
DA:853,0
DA:854,0
DA:855,0
DA:856,0
DA:859,0
DA:860,0
DA:861,0
DA:862,0
DA:863,0
DA:865,0
DA:866,0
DA:869,0
DA:871,0
DA:873,0
DA:874,0
DA:876,0
DA:878,0
DA:880,0
DA:881,0
DA:882,0
DA:884,0
DA:885,0
DA:887,0
DA:889,0
DA:891,0
DA:892,0
DA:895,0
DA:896,0
DA:897,0
DA:898,0
DA:899,0
DA:900,0
DA:902,0
DA:903,0
DA:906,0
DA:907,0
DA:909,0
DA:911,0
DA:912,0
DA:914,0
DA:915,0
DA:917,0
DA:919,0
DA:921,0
DA:922,0
DA:923,0
DA:925,0
DA:928,0
DA:929,0
DA:931,0
DA:933,0
DA:934,0
DA:935,0
DA:938,0
DA:939,0
DA:944,0
DA:945,0
DA:946,0
DA:947,0
DA:948,0
DA:950,0
DA:951,0
DA:952,0
DA:953,0
DA:955,0
DA:956,0
DA:959,0
DA:960,0
DA:961,0
DA:963,0
DA:964,0
DA:973,0
DA:976,0
DA:977,0
DA:978,0
DA:979,0
DA:981,0
DA:983,0
DA:984,0
DA:986,0
DA:987,0
DA:989,0
DA:990,0
DA:992,0
DA:994,0
DA:995,0
DA:996,0
DA:997,0
DA:998,0
DA:999,0
DA:1001,0
DA:1002,0
DA:1003,0
DA:1005,0
DA:1006,0
DA:1008,0
DA:1010,0
DA:1011,0
DA:1012,0
DA:1013,0
DA:1014,0
DA:1015,0
DA:1016,0
DA:1018,0
DA:1020,0
DA:1021,0
DA:1025,0
DA:1026,0
DA:1027,0
DA:1028,0
DA:1029,0
DA:1031,0
DA:1032,0
DA:1033,0
DA:1034,0
DA:1035,0
DA:1037,0
DA:1038,0
DA:1039,0
DA:1040,0
DA:1042,0
DA:1045,0
DA:1047,0
DA:1048,0
DA:1049,0
DA:1050,0
DA:1051,0
DA:1052,0
DA:1054,0
DA:1056,0
DA:1057,0
DA:1061,0
DA:1062,0
DA:1063,0
DA:1065,0
DA:1068,0
DA:1069,0
DA:1074,0
DA:1078,0
DA:1079,0
DA:1082,0
DA:1083,0
DA:1084,0
DA:1086,0
DA:1088,0
DA:1089,0
DA:1090,0
DA:1092,0
DA:1093,0
DA:1095,0
DA:1097,0
DA:1099,0
DA:1101,0
DA:1102,0
DA:1105,0
DA:1107,0
DA:1109,0
DA:1110,0
DA:1111,0
DA:1113,0
DA:1114,0
DA:1116,0
DA:1121,0
DA:1122,0
DA:1123,0
DA:1124,0
DA:1127,0
DA:1128,0
DA:1129,0
DA:1130,0
DA:1131,0
DA:1132,0
DA:1134,0
DA:1137,0
DA:1138,0
DA:1141,0
DA:1144,0
DA:1145,0
DA:1148,0
DA:1149,0
DA:1150,0
DA:1151,0
DA:1152,0
DA:1153,0
DA:1154,0
DA:1155,0
DA:1157,0
DA:1158,0
DA:1161,0
DA:1162,0
DA:1165,0
DA:1168,0
DA:1169,0
DA:1172,0
DA:1174,0
DA:1178,0
DA:1179,0
DA:1180,0
DA:1183,0
DA:1187,0
DA:1188,0
DA:1189,0
DA:1190,0
DA:1192,0
DA:1194,0
DA:1197,0
DA:1201,0
DA:1202,0
DA:1203,0
DA:1204,0
DA:1206,0
DA:1207,0
DA:1208,0
DA:1209,0
DA:1210,0
DA:1211,0
DA:1214,0
DA:1215,0
DA:1216,0
DA:1221,0
DA:1222,0
DA:1224,0
DA:1225,0
DA:1227,0
DA:1228,0
DA:1233,0
DA:1234,0
DA:1235,0
DA:1236,0
DA:1237,0
DA:1238,0
DA:1239,0
DA:1240,0
DA:1241,0
DA:1243,0
DA:1245,0
DA:1249,0
DA:1252,0
DA:1255,0
LF:722
LH:80
BRDA:193,0,0,0
BRDA:193,0,1,0
BRDA:205,1,0,0
BRDA:205,1,1,0
BRDA:222,2,0,0
BRDA:222,2,1,0
BRDA:225,3,0,0
BRDA:225,3,1,0
BRDA:228,4,0,0
BRDA:228,4,1,0
BRDA:231,5,0,0
BRDA:231,5,1,0
BRDA:234,6,0,0
BRDA:234,6,1,0
BRDA:237,7,0,0
BRDA:237,7,1,0
BRDA:245,8,0,0
BRDA:245,8,1,0
BRDA:246,9,0,0
BRDA:246,9,1,0
BRDA:249,10,0,0
BRDA:249,10,1,0
BRDA:258,11,0,0
BRDA:258,11,1,0
BRDA:258,12,0,0
BRDA:258,12,1,0
BRDA:292,13,0,0
BRDA:293,14,0,0
BRDA:293,14,1,0
BRDA:299,15,0,0
BRDA:299,15,1,0
BRDA:299,16,0,0
BRDA:299,16,1,0
BRDA:328,17,0,0
BRDA:328,17,1,0
BRDA:334,18,0,0
BRDA:334,18,1,0
BRDA:345,19,0,0
BRDA:345,19,1,0
BRDA:345,20,0,0
BRDA:345,20,1,0
BRDA:353,21,0,0
BRDA:353,21,1,0
BRDA:368,22,0,0
BRDA:368,22,1,0
BRDA:368,23,0,0
BRDA:368,23,1,0
BRDA:368,23,2,0
BRDA:388,24,0,0
BRDA:388,24,1,0
BRDA:393,25,0,0
BRDA:393,25,1,0
BRDA:395,26,0,0
BRDA:395,26,1,0
BRDA:395,27,0,0
BRDA:395,27,1,0
BRDA:396,28,0,0
BRDA:396,28,1,0
BRDA:420,29,0,0
BRDA:420,29,1,0
BRDA:425,30,0,0
BRDA:425,30,1,0
BRDA:425,30,2,0
BRDA:425,30,3,0
BRDA:425,30,4,0
BRDA:425,30,5,0
BRDA:426,31,0,0
BRDA:426,31,1,0
BRDA:426,32,0,0
BRDA:426,32,1,0
BRDA:436,33,0,0
BRDA:436,33,1,0
BRDA:436,34,0,0
BRDA:436,34,1,0
BRDA:440,35,0,0
BRDA:440,35,1,0
BRDA:484,36,0,0
BRDA:484,36,1,0
BRDA:507,37,0,0
BRDA:507,37,1,0
BRDA:518,38,0,0
BRDA:518,38,1,0
BRDA:523,39,0,0
BRDA:523,39,1,0
BRDA:526,40,0,0
BRDA:526,40,1,0
BRDA:539,41,0,0
BRDA:539,41,1,0
BRDA:540,42,0,0
BRDA:540,42,1,0
BRDA:547,43,0,0
BRDA:547,43,1,0
BRDA:549,44,0,0
BRDA:549,44,1,0
BRDA:564,45,0,0
BRDA:564,45,1,0
BRDA:567,46,0,0
BRDA:567,46,1,0
BRDA:584,47,0,0
BRDA:584,47,1,0
BRDA:590,48,0,0
BRDA:590,48,1,0
BRDA:605,49,0,0
BRDA:606,50,0,0
BRDA:606,50,1,0
BRDA:617,51,0,0
BRDA:617,51,1,0
BRDA:621,52,0,0
BRDA:621,52,1,0
BRDA:686,53,0,0
BRDA:686,53,1,0
BRDA:690,54,0,0
BRDA:690,54,1,0
BRDA:690,54,2,0
BRDA:696,55,0,0
BRDA:696,55,1,0
BRDA:700,56,0,0
BRDA:700,56,1,0
BRDA:700,56,2,0
BRDA:718,57,0,0
BRDA:718,57,1,0
BRDA:724,58,0,0
BRDA:724,58,1,0
BRDA:726,59,0,0
BRDA:726,59,1,0
BRDA:733,60,0,0
BRDA:733,60,1,0
BRDA:735,61,0,0
BRDA:735,61,1,0
BRDA:741,62,0,0
BRDA:745,63,0,0
BRDA:745,63,1,0
BRDA:781,64,0,0
BRDA:781,65,0,0
BRDA:782,66,0,0
BRDA:782,66,1,0
BRDA:786,67,0,0
BRDA:786,67,1,0
BRDA:789,68,0,0
BRDA:789,68,1,0
BRDA:789,68,2,0
BRDA:798,69,0,0
BRDA:798,69,1,0
BRDA:805,70,0,0
BRDA:805,70,1,0
BRDA:809,71,0,0
BRDA:809,71,1,0
BRDA:811,72,0,0
BRDA:811,72,1,0
BRDA:814,73,0,0
BRDA:814,73,1,0
BRDA:855,74,0,0
BRDA:855,74,1,0
BRDA:855,75,0,0
BRDA:855,75,1,0
BRDA:862,76,0,0
BRDA:862,76,1,0
BRDA:865,77,0,0
BRDA:865,77,1,0
BRDA:873,78,0,0
BRDA:873,78,1,0
BRDA:874,79,0,0
BRDA:874,79,1,0
BRDA:876,80,0,0
BRDA:876,80,1,0
BRDA:876,81,0,0
BRDA:876,81,1,0
BRDA:895,82,0,0
BRDA:895,82,1,0
BRDA:895,83,0,0
BRDA:895,83,1,0
BRDA:895,83,2,0
BRDA:902,84,0,0
BRDA:902,84,1,0
BRDA:914,85,0,0
BRDA:914,85,1,0
BRDA:922,86,0,0
BRDA:922,86,1,0
BRDA:928,87,0,0
BRDA:928,87,1,0
BRDA:933,88,0,0
BRDA:933,88,1,0
BRDA:934,89,0,0
BRDA:934,89,1,0
BRDA:938,90,0,0
BRDA:938,90,1,0
BRDA:950,91,0,0
BRDA:950,91,1,0
BRDA:951,92,0,0
BRDA:951,92,1,0
BRDA:959,93,0,0
BRDA:959,93,1,0
BRDA:959,94,0,0
BRDA:959,94,1,0
BRDA:976,95,0,0
BRDA:976,95,1,0
BRDA:990,96,0,0
BRDA:990,96,1,0
BRDA:990,97,0,0
BRDA:990,97,1,0
BRDA:1011,98,0,0
BRDA:1011,98,1,0
BRDA:1013,99,0,0
BRDA:1013,99,1,0
BRDA:1025,100,0,0
BRDA:1025,100,1,0
BRDA:1025,101,0,0
BRDA:1025,101,1,0
BRDA:1028,102,0,0
BRDA:1028,102,1,0
BRDA:1039,103,0,0
BRDA:1039,103,1,0
BRDA:1047,104,0,0
BRDA:1047,104,1,0
BRDA:1049,105,0,0
BRDA:1049,105,1,0
BRDA:1062,106,0,0
BRDA:1062,106,1,0
BRDA:1068,107,0,0
BRDA:1068,107,1,0
BRDA:1077,108,0,0
BRDA:1078,109,0,0
BRDA:1078,109,1,0
BRDA:1078,110,0,0
BRDA:1078,110,1,0
BRDA:1084,111,0,0
BRDA:1084,111,1,0
BRDA:1084,112,0,0
BRDA:1084,112,1,0
BRDA:1086,113,0,0
BRDA:1086,113,1,0
BRDA:1101,114,0,0
BRDA:1101,114,1,0
BRDA:1127,115,0,0
BRDA:1127,115,1,0
BRDA:1131,116,0,0
BRDA:1131,116,1,0
BRDA:1137,117,0,0
BRDA:1137,117,1,0
BRDA:1145,118,0,0
BRDA:1145,118,1,0
BRDA:1148,119,0,0
BRDA:1148,119,1,0
BRDA:1153,120,0,0
BRDA:1153,120,1,0
BRDA:1161,121,0,0
BRDA:1161,121,1,0
BRDA:1168,122,0,0
BRDA:1168,122,1,0
BRDA:1169,123,0,0
BRDA:1169,123,1,0
BRDA:1177,124,0,0
BRDA:1178,125,0,0
BRDA:1178,125,1,0
BRDA:1187,126,0,0
BRDA:1187,126,1,0
BRDA:1188,127,0,0
BRDA:1188,127,1,0
BRDA:1188,128,0,0
BRDA:1188,128,1,0
BRDA:1204,129,0,0
BRDA:1204,129,1,0
BRDA:1206,130,0,0
BRDA:1206,130,1,0
BRDA:1206,131,0,0
BRDA:1206,131,1,0
BRDA:1221,132,0,0
BRDA:1221,132,1,0
BRDA:1221,133,0,0
BRDA:1221,133,1,0
BRDA:1224,134,0,0
BRDA:1224,134,1,0
BRDA:1227,135,0,0
BRDA:1227,135,1,0
BRDA:1227,136,0,0
BRDA:1227,136,1,0
BRDA:1235,137,0,0
BRDA:1235,137,1,0
BRDA:1255,138,0,0
BRDA:1255,138,1,0
BRF:280
BRH:0
end_of_record
TN:
SF:projects/tablejs/src/lib/directives/virtual-for/virtual-for.directive.ts
FN:10,(anonymous_0)
FN:12,(anonymous_1)
FN:16,(anonymous_2)
FN:20,(anonymous_3)
FN:24,(anonymous_4)
FN:88,(anonymous_5)
FN:109,(anonymous_6)
FN:36,(anonymous_7)
FN:56,(anonymous_8)
FN:65,(anonymous_9)
FN:72,(anonymous_10)
FN:76,(anonymous_11)
FN:80,(anonymous_12)
FN:82,(anonymous_13)
FN:119,(anonymous_14)
FN:123,(anonymous_15)
FN:127,(anonymous_16)
FN:135,(anonymous_17)
FN:141,(anonymous_18)
FN:145,(anonymous_19)
FN:157,(anonymous_20)
FN:171,(anonymous_21)
FNF:22
FNH:0
FNDA:0,(anonymous_0)
FNDA:0,(anonymous_1)
FNDA:0,(anonymous_2)
FNDA:0,(anonymous_3)
FNDA:0,(anonymous_4)
FNDA:0,(anonymous_5)
FNDA:0,(anonymous_6)
FNDA:0,(anonymous_7)
FNDA:0,(anonymous_8)
FNDA:0,(anonymous_9)
FNDA:0,(anonymous_10)
FNDA:0,(anonymous_11)
FNDA:0,(anonymous_12)
FNDA:0,(anonymous_13)
FNDA:0,(anonymous_14)
FNDA:0,(anonymous_15)
FNDA:0,(anonymous_16)
FNDA:0,(anonymous_17)
FNDA:0,(anonymous_18)
FNDA:0,(anonymous_19)
FNDA:0,(anonymous_20)
FNDA:0,(anonymous_21)
DA:10,0
DA:13,0
DA:17,0
DA:21,0
DA:25,0
DA:30,1
DA:33,0
DA:38,0
DA:39,0
DA:42,0
DA:44,0
DA:58,0
DA:67,0
DA:68,0
DA:73,0
DA:78,0
DA:81,0
DA:82,0
DA:85,0
DA:89,0
DA:90,0
DA:91,0
DA:92,0
DA:93,0
DA:95,0
DA:97,0
DA:98,0
DA:100,0
DA:101,0
DA:104,0
DA:105,0
DA:107,0
DA:109,0
DA:110,0
DA:111,0
DA:112,0
DA:113,0
DA:120,0
DA:124,0
DA:128,0
DA:129,0
DA:131,0
DA:132,0
DA:134,0
DA:135,0
DA:136,0
DA:142,0
DA:146,0
DA:147,0
DA:148,0
DA:150,0
DA:151,0
DA:154,0
DA:155,0
DA:157,0
DA:158,0
DA:162,0
DA:163,0
DA:165,0
DA:166,0
DA:172,0
DA:173,0
DA:174,0
DA:175,0
DA:176,0
DA:177,0
DA:178,0
DA:179,0
DA:180,0
DA:181,0
DA:184,0
DA:185,0
LF:72
LH:1
BRDA:97,0,0,0
BRDA:97,0,1,0
BRDA:97,0,2,0
BRDA:100,1,0,0
BRDA:100,1,1,0
BRDA:100,2,0,0
BRDA:100,2,1,0
BRDA:110,3,0,0
BRDA:110,3,1,0
BRDA:67,4,0,0
BRDA:67,4,1,0
BRDA:82,5,0,0
BRDA:82,5,1,0
BRDA:82,6,0,0
BRDA:82,6,1,0
BRDA:120,7,0,0
BRDA:120,7,1,0
BRDA:120,7,2,0
BRDA:120,7,3,0
BRDA:127,8,0,0
BRDA:128,9,0,0
BRDA:128,9,1,0
BRDA:131,10,0,0
BRDA:131,10,1,0
BRDA:134,11,0,0
BRDA:134,11,1,0
BRDA:136,12,0,0
BRDA:136,12,1,0
BRDA:146,13,0,0
BRDA:146,13,1,0
BRDA:150,14,0,0
BRDA:150,14,1,0
BRDA:158,15,0,0
BRDA:158,15,1,0
BRDA:162,16,0,0
BRDA:162,16,1,0
BRDA:165,17,0,0
BRDA:165,17,1,0
BRDA:165,18,0,0
BRDA:165,18,1,0
BRDA:179,19,0,0
BRDA:179,19,1,0
BRDA:184,20,0,0
BRDA:184,20,1,0
BRF:44
BRH:0
end_of_record
TN:
SF:projects/tablejs/src/lib/filterAndSort/comparators/comparator.ts
FN:9,(anonymous_0)
FN:13,(anonymous_1)
FN:17,(anonymous_2)
FNF:3
FNH:3
FNDA:374,(anonymous_0)
FNDA:499,(anonymous_1)
FNDA:163,(anonymous_2)
DA:7,1
DA:10,374
DA:14,499
DA:18,163
LF:4
LH:4
BRDA:18,0,0,163
BRDA:18,0,1,45
BRF:2
BRH:2
end_of_record
TN:
SF:projects/tablejs/src/lib/filterAndSort/comparators/filter-comparator.ts
FN:6,(anonymous_0)
FN:17,(anonymous_1)
FN:22,(anonymous_2)
FN:42,(anonymous_3)
FN:88,(anonymous_4)
FN:134,(anonymous_5)
FN:199,(anonymous_6)
FN:264,(anonymous_7)
FN:310,(anonymous_8)
FN:356,(anonymous_9)
FN:403,(anonymous_10)
FN:450,(anonymous_11)
FN:504,(anonymous_12)
FN:558,(anonymous_13)
FN:614,(anonymous_14)
FN:670,(anonymous_15)
FN:718,(anonymous_16)
FN:767,(anonymous_17)
FN:819,(anonymous_18)
FN:871,(anonymous_19)
FN:910,(anonymous_20)
FN:953,(anonymous_21)
FN:996,(anonymous_22)
FN:1039,(anonymous_23)
FN:1090,(anonymous_24)
FN:1141,(anonymous_25)
FN:1188,(anonymous_26)
FN:1235,(anonymous_27)
FN:1286,(anonymous_28)
FN:1337,(anonymous_29)
FN:1373,(anonymous_30)
FN:1409,(anonymous_31)
FN:1445,(anonymous_32)
FN:1481,(anonymous_33)
FNF:34
FNH:24
FNDA:502,(anonymous_0)
FNDA:500,(anonymous_1)
FNDA:581,(anonymous_2)
FNDA:15,(anonymous_3)
FNDA:0,(anonymous_4)
FNDA:48,(anonymous_5)
FNDA:0,(anonymous_6)
FNDA:21,(anonymous_7)
FNDA:0,(anonymous_8)
FNDA:18,(anonymous_9)
FNDA:0,(anonymous_10)
FNDA:57,(anonymous_11)
FNDA:0,(anonymous_12)
FNDA:57,(anonymous_13)
FNDA:0,(anonymous_14)
FNDA:30,(anonymous_15)
FNDA:0,(anonymous_16)
FNDA:25,(anonymous_17)
FNDA:0,(anonymous_18)
FNDA:20,(anonymous_19)
FNDA:15,(anonymous_20)
FNDA:15,(anonymous_21)
FNDA:15,(anonymous_22)
FNDA:20,(anonymous_23)
FNDA:20,(anonymous_24)
FNDA:15,(anonymous_25)
FNDA:0,(anonymous_26)
FNDA:19,(anonymous_27)
FNDA:15,(anonymous_28)
FNDA:15,(anonymous_29)
FNDA:10,(anonymous_30)
FNDA:24,(anonymous_31)
FNDA:24,(anonymous_32)
FNDA:0,(anonymous_33)
DA:7,502
DA:8,0
DA:10,502
DA:18,500
DA:19,500
DA:27,581
DA:28,83
DA:29,1
DA:33,580
DA:36,580
DA:37,180
DA:39,400
DA:48,15
DA:52,15
DA:54,15
DA:55,15
DA:56,15
DA:58,15
DA:59,15
DA:60,0
DA:62,15
DA:63,15
DA:65,15
DA:67,15
DA:68,21
DA:69,21
DA:75,21
DA:77,21
DA:78,16
DA:79,16
DA:80,10
DA:85,15
DA:94,0
DA:98,0
DA:100,0
DA:101,0
DA:102,0
DA:104,0
DA:105,0
DA:106,0
DA:108,0
DA:109,0
DA:111,0
DA:113,0
DA:114,0
DA:115,0
DA:121,0
DA:123,0
DA:124,0
DA:125,0
DA:126,0
DA:131,0
DA:140,48
DA:143,48
DA:145,48
DA:146,48
DA:147,48
DA:149,48
DA:150,48
DA:151,0
DA:153,48
DA:154,48
DA:155,48
DA:159,48
DA:161,48
DA:162,48
DA:164,48
DA:176,48
DA:178,48
DA:179,51
DA:180,51
DA:186,51
DA:188,51
DA:189,43
DA:190,43
DA:191,40
DA:196,48
DA:205,0
DA:208,0
DA:210,0
DA:211,0
DA:212,0
DA:214,0
DA:215,0
DA:216,0
DA:218,0
DA:219,0
DA:220,0
DA:224,0
DA:226,0
DA:227,0
DA:229,0
DA:241,0
DA:243,0
DA:244,0
DA:245,0
DA:251,0
DA:253,0
DA:254,0
DA:255,0
DA:256,0
DA:261,0
DA:270,21
DA:274,21
DA:276,21
DA:277,21
DA:278,21
DA:280,21
DA:281,21
DA:282,0
DA:284,21
DA:285,21
DA:287,21
DA:289,21
DA:290,30
DA:291,30
DA:297,30
DA:299,30
DA:300,8
DA:301,8
DA:302,5
DA:307,21
DA:316,0
DA:320,0
DA:322,0
DA:323,0
DA:324,0
DA:326,0
DA:327,0
DA:328,0
DA:330,0
DA:331,0
DA:333,0
DA:335,0
DA:336,0
DA:337,0
DA:343,0
DA:345,0
DA:346,0
DA:347,0
DA:348,0
DA:353,0
DA:358,18
DA:362,18
DA:364,18
DA:365,18
DA:366,18
DA:368,18
DA:369,18
DA:370,0
DA:372,18
DA:373,18
DA:375,18
DA:377,18
DA:378,21
DA:379,21
DA:385,21
DA:387,21
DA:393,5
DA:394,5
DA:395,4
DA:400,18
DA:405,0
DA:409,0
DA:411,0
DA:412,0
DA:413,0
DA:415,0
DA:416,0
DA:417,0
DA:419,0
DA:420,0
DA:422,0
DA:424,0
DA:425,0
DA:426,0
DA:432,0
DA:434,0
DA:440,0
DA:441,0
DA:442,0
DA:447,0
DA:456,57
DA:460,57
DA:462,57
DA:463,57
DA:464,57
DA:466,57
DA:467,57
DA:468,0
DA:470,57
DA:471,57
DA:472,57
DA:475,57
DA:476,57
DA:478,57
DA:479,57
DA:481,57
DA:483,57
DA:484,66
DA:485,66
DA:491,66
DA:493,66
DA:494,47
DA:495,47
DA:496,42
DA:501,57
DA:510,0
DA:514,0
DA:516,0
DA:517,0
DA:518,0
DA:520,0
DA:521,0
DA:522,0
DA:524,0
DA:525,0
DA:526,0
DA:529,0
DA:530,0
DA:532,0
DA:533,0
DA:535,0
DA:537,0
DA:538,0
DA:539,0
DA:545,0
DA:547,0
DA:548,0
DA:549,0
DA:550,0
DA:555,0
DA:564,57
DA:568,57
DA:570,57
DA:571,57
DA:572,57
DA:574,57
DA:575,57
DA:576,0
DA:578,57
DA:579,57
DA:580,57
DA:583,57
DA:584,57
DA:586,57
DA:591,57
DA:593,57
DA:594,66
DA:595,66
DA:601,66
DA:603,66
DA:604,43
DA:605,43
DA:606,41
DA:611,57
DA:620,0
DA:624,0
DA:626,0
DA:627,0
DA:628,0
DA:630,0
DA:631,0
DA:632,0
DA:634,0
DA:635,0
DA:636,0
DA:639,0
DA:640,0
DA:642,0
DA:647,0
DA:649,0
DA:650,0
DA:651,0
DA:657,0
DA:659,0
DA:660,0
DA:661,0
DA:662,0
DA:667,0
DA:672,30
DA:676,30
DA:678,30
DA:679,30
DA:680,30
DA:682,30
DA:683,30
DA:684,0
DA:686,30
DA:687,30
DA:689,30
DA:694,30
DA:695,35
DA:696,35
DA:702,35
DA:707,35
DA:708,13
DA:709,13
DA:710,10
DA:715,30
DA:720,0
DA:724,0
DA:726,0
DA:727,0
DA:728,0
DA:730,0
DA:731,0
DA:732,0
DA:734,0
DA:735,0
DA:737,0
DA:742,0
DA:743,0
DA:744,0
DA:750,0
DA:756,0
DA:757,0
DA:758,0
DA:759,0
DA:764,0
DA:773,25
DA:777,25
DA:779,25
DA:780,25
DA:781,25
DA:783,25
DA:784,25
DA:785,0
DA:787,25
DA:788,25
DA:790,25
DA:795,25
DA:796,30
DA:797,30
DA:803,30
DA:808,30
DA:809,10
DA:810,10
DA:811,7
DA:816,25
DA:825,0
DA:829,0
DA:831,0
DA:832,0
DA:833,0
DA:835,0
DA:836,0
DA:837,0
DA:839,0
DA:840,0
DA:842,0
DA:847,0
DA:848,0
DA:849,0
DA:855,0
DA:860,0
DA:861,0
DA:862,0
DA:863,0
DA:868,0
DA:873,20
DA:877,20
DA:879,20
DA:880,20
DA:881,20
DA:883,20
DA:884,20
DA:885,0
DA:887,20
DA:889,20
DA:890,25
DA:891,25
DA:897,25
DA:899,25
DA:900,13
DA:901,13
DA:902,11
DA:907,20
DA:916,15
DA:920,15
DA:922,15
DA:923,15
DA:924,15
DA:926,15
DA:927,15
DA:928,0
DA:930,15
DA:932,15
DA:933,20
DA:934,20
DA:940,20
DA:942,20
DA:943,12
DA:944,12
DA:945,9
DA:950,15
DA:959,15
DA:963,15
DA:965,15
DA:966,15
DA:967,15
DA:969,15
DA:970,15
DA:971,0
DA:973,15
DA:975,15
DA:976,20
DA:977,20
DA:983,20
DA:985,20
DA:986,9
DA:987,9
DA:988,7
DA:993,15
DA:1002,15
DA:1006,15
DA:1008,15
DA:1009,15
DA:1010,15
DA:1012,15
DA:1013,15
DA:1014,0
DA:1016,15
DA:1018,15
DA:1019,20
DA:1020,20
DA:1026,20
DA:1028,20
DA:1029,14
DA:1030,14
DA:1031,9
DA:1036,15
DA:1045,20
DA:1049,20
DA:1051,20
DA:1052,20
DA:1053,20
DA:1055,20
DA:1056,20
DA:1057,0
DA:1059,20
DA:1061,20
DA:1062,10
DA:1063,10
DA:1066,20
DA:1067,20
DA:1068,20
DA:1074,20
DA:1075,10
DA:1076,10
DA:1079,20
DA:1080,6
DA:1081,6
DA:1082,6
DA:1087,20
DA:1096,20
DA:1100,20
DA:1102,20
DA:1103,20
DA:1104,20
DA:1106,20
DA:1107,20
DA:1108,0
DA:1110,20
DA:1112,20
DA:1113,10
DA:1114,10
DA:1117,20
DA:1118,20
DA:1119,20
DA:1125,20
DA:1126,10
DA:1127,10
DA:1130,20
DA:1131,14
DA:1132,14
DA:1133,14
DA:1138,20
DA:1143,15
DA:1147,15
DA:1149,15
DA:1150,15
DA:1151,15
DA:1153,15
DA:1154,15
DA:1155,0
DA:1157,15
DA:1159,15
DA:1160,10
DA:1161,10
DA:1164,15
DA:1165,15
DA:1166,15
DA:1172,15
DA:1173,10
DA:1174,10
DA:1177,15
DA:1178,4
DA:1179,4
DA:1180,4
DA:1185,15
DA:1190,0
DA:1194,0
DA:1196,0
DA:1197,0
DA:1198,0
DA:1200,0
DA:1201,0
DA:1202,0
DA:1204,0
DA:1206,0
DA:1207,0
DA:1208,0
DA:1211,0
DA:1212,0
DA:1213,0
DA:1219,0
DA:1220,0
DA:1221,0
DA:1224,0
DA:1225,0
DA:1226,0
DA:1227,0
DA:1232,0
DA:1241,19
DA:1245,19
DA:1247,19
DA:1248,19
DA:1249,19
DA:1251,19
DA:1252,19
DA:1253,0
DA:1255,19
DA:1257,19
DA:1258,9
DA:1259,9
DA:1262,19
DA:1263,19
DA:1264,19
DA:1270,19
DA:1271,9
DA:1272,9
DA:1275,19
DA:1276,9
DA:1277,9
DA:1278,9
DA:1283,19
DA:1292,15
DA:1296,15
DA:1298,15
DA:1299,15
DA:1300,15
DA:1302,15
DA:1303,15
DA:1304,0
DA:1306,15
DA:1308,15
DA:1309,5
DA:1310,5
DA:1313,15
DA:1314,15
DA:1315,15
DA:1321,15
DA:1322,5
DA:1323,5
DA:1326,15
DA:1327,9
DA:1328,9
DA:1329,9
DA:1334,15
DA:1339,15
DA:1343,15
DA:1345,15
DA:1346,15
DA:1347,15
DA:1349,15
DA:1350,15
DA:1351,0
DA:1354,15
DA:1355,20
DA:1356,20
DA:1362,20
DA:1363,14
DA:1364,14
DA:1365,10
DA:1370,15
DA:1375,10
DA:1379,10
DA:1381,10
DA:1382,10
DA:1383,10
DA:1385,10
DA:1386,10
DA:1387,0
DA:1390,10
DA:1391,15
DA:1392,15
DA:1398,15
DA:1399,4
DA:1400,4
DA:1401,1
DA:1406,10
DA:1411,24
DA:1415,24
DA:1417,24
DA:1418,24
DA:1419,24
DA:1421,24
DA:1422,24
DA:1423,0
DA:1426,24
DA:1427,24
DA:1428,24
DA:1434,24
DA:1435,5
DA:1436,5
DA:1437,5
DA:1442,24
DA:1447,24
DA:1451,24
DA:1453,24
DA:1454,24
DA:1455,24
DA:1457,24
DA:1458,24
DA:1459,0
DA:1462,24
DA:1463,24
DA:1464,24
DA:1470,24
DA:1471,21
DA:1472,21
DA:1473,21
DA:1478,24
DA:1482,0
LF:635
LH:415
BRDA:7,0,0,0
BRDA:7,0,1,502
BRDA:12,1,0,421
BRDA:12,1,1,81
BRDA:27,2,0,83
BRDA:27,2,1,498
BRDA:28,3,0,1
BRDA:28,3,1,82
BRDA:34,4,0,82
BRDA:34,4,1,498
BRDA:36,5,0,180
BRDA:36,5,1,400
BRDA:36,6,0,580
BRDA:36,6,1,580
BRDA:59,7,0,0
BRDA:59,7,1,15
BRDA:65,8,0,9
BRDA:65,8,1,6
BRDA:75,9,0,12
BRDA:75,9,1,9
BRDA:77,10,0,16
BRDA:77,10,1,5
BRDA:79,11,0,10
BRDA:79,11,1,6
BRDA:105,12,0,0
BRDA:105,12,1,0
BRDA:111,13,0,0
BRDA:111,13,1,0
BRDA:121,14,0,0
BRDA:121,14,1,0
BRDA:123,15,0,0
BRDA:123,15,1,0
BRDA:125,16,0,0
BRDA:125,16,1,0
BRDA:150,17,0,0
BRDA:150,17,1,48
BRDA:156,18,0,45
BRDA:156,18,1,3
BRDA:176,19,0,45
BRDA:176,19,1,3
BRDA:188,20,0,43
BRDA:188,20,1,8
BRDA:190,21,0,40
BRDA:190,21,1,3
BRDA:215,22,0,0
BRDA:215,22,1,0
BRDA:221,23,0,0
BRDA:221,23,1,0
BRDA:241,24,0,0
BRDA:241,24,1,0
BRDA:253,25,0,0
BRDA:253,25,1,0
BRDA:255,26,0,0
BRDA:255,26,1,0
BRDA:281,27,0,0
BRDA:281,27,1,21
BRDA:287,28,0,15
BRDA:287,28,1,6
BRDA:297,29,0,21
BRDA:297,29,1,9
BRDA:299,30,0,8
BRDA:299,30,1,22
BRDA:301,31,0,5
BRDA:301,31,1,3
BRDA:327,32,0,0
BRDA:327,32,1,0
BRDA:333,33,0,0
BRDA:333,33,1,0
BRDA:343,34,0,0
BRDA:343,34,1,0
BRDA:345,35,0,0
BRDA:345,35,1,0
BRDA:347,36,0,0
BRDA:347,36,1,0
BRDA:369,37,0,0
BRDA:369,37,1,18
BRDA:375,38,0,15
BRDA:375,38,1,3
BRDA:385,39,0,18
BRDA:385,39,1,3
BRDA:387,40,0,5
BRDA:387,40,1,16
BRDA:394,41,0,4
BRDA:394,41,1,1
BRDA:416,42,0,0
BRDA:416,42,1,0
BRDA:422,43,0,0
BRDA:422,43,1,0
BRDA:432,44,0,0
BRDA:432,44,1,0
BRDA:434,45,0,0
BRDA:434,45,1,0
BRDA:441,46,0,0
BRDA:441,46,1,0
BRDA:467,47,0,0
BRDA:467,47,1,57
BRDA:473,48,0,51
BRDA:473,48,1,6
BRDA:481,49,0,51
BRDA:481,49,1,6
BRDA:493,50,0,47
BRDA:493,50,1,19
BRDA:495,51,0,42
BRDA:495,51,1,5
BRDA:521,52,0,0
BRDA:521,52,1,0
BRDA:527,53,0,0
BRDA:527,53,1,0
BRDA:535,54,0,0
BRDA:535,54,1,0
BRDA:547,55,0,0
BRDA:547,55,1,0
BRDA:549,56,0,0
BRDA:549,56,1,0
BRDA:575,57,0,0
BRDA:575,57,1,57
BRDA:581,58,0,51
BRDA:581,58,1,6
BRDA:591,59,0,51
BRDA:591,59,1,6
BRDA:603,60,0,43
BRDA:603,60,1,23
BRDA:605,61,0,41
BRDA:605,61,1,2
BRDA:631,62,0,0
BRDA:631,62,1,0
BRDA:637,63,0,0
BRDA:637,63,1,0
BRDA:647,64,0,0
BRDA:647,64,1,0
BRDA:659,65,0,0
BRDA:659,65,1,0
BRDA:661,66,0,0
BRDA:661,66,1,0
BRDA:683,67,0,0
BRDA:683,67,1,30
BRDA:691,68,0,20
BRDA:691,68,1,10
BRDA:690,69,0,30
BRDA:690,69,1,25
BRDA:704,70,0,5
BRDA:704,70,1,30
BRDA:703,71,0,35
BRDA:703,71,1,10
BRDA:707,72,0,13
BRDA:707,72,1,22
BRDA:709,73,0,10
BRDA:709,73,1,3
BRDA:731,74,0,0
BRDA:731,74,1,0
BRDA:739,75,0,0
BRDA:739,75,1,0
BRDA:738,76,0,0
BRDA:738,76,1,0
BRDA:752,77,0,0
BRDA:752,77,1,0
BRDA:751,78,0,0
BRDA:751,78,1,0
BRDA:756,79,0,0
BRDA:756,79,1,0
BRDA:758,80,0,0
BRDA:758,80,1,0
BRDA:784,81,0,0
BRDA:784,81,1,25
BRDA:792,82,0,20
BRDA:792,82,1,5
BRDA:791,83,0,25
BRDA:791,83,1,25
BRDA:805,84,0,20
BRDA:805,84,1,10
BRDA:804,85,0,30
BRDA:804,85,1,25
BRDA:808,86,0,10
BRDA:808,86,1,20
BRDA:810,87,0,7
BRDA:810,87,1,3
BRDA:836,88,0,0
BRDA:836,88,1,0
BRDA:844,89,0,0
BRDA:844,89,1,0
BRDA:843,90,0,0
BRDA:843,90,1,0
BRDA:857,91,0,0
BRDA:857,91,1,0
BRDA:856,92,0,0
BRDA:856,92,1,0
BRDA:860,93,0,0
BRDA:860,93,1,0
BRDA:862,94,0,0
BRDA:862,94,1,0
BRDA:884,95,0,0
BRDA:884,95,1,20
BRDA:899,96,0,13
BRDA:899,96,1,12
BRDA:901,97,0,11
BRDA:901,97,1,2
BRDA:927,98,0,0
BRDA:927,98,1,15
BRDA:942,99,0,12
BRDA:942,99,1,8
BRDA:944,100,0,9
BRDA:944,100,1,3
BRDA:970,101,0,0
BRDA:970,101,1,15
BRDA:985,102,0,9
BRDA:985,102,1,11
BRDA:987,103,0,7
BRDA:987,103,1,2
BRDA:1013,104,0,0
BRDA:1013,104,1,15
BRDA:1028,105,0,14
BRDA:1028,105,1,6
BRDA:1030,106,0,9
BRDA:1030,106,1,5
BRDA:1056,107,0,0
BRDA:1056,107,1,20
BRDA:1061,108,0,10
BRDA:1061,108,1,10
BRDA:1074,109,0,10
BRDA:1074,109,1,10
BRDA:1079,110,0,6
BRDA:1079,110,1,14
BRDA:1081,111,0,6
BRDA:1081,111,1,0
BRDA:1107,112,0,0
BRDA:1107,112,1,20
BRDA:1112,113,0,10
BRDA:1112,113,1,10
BRDA:1125,114,0,10
BRDA:1125,114,1,10
BRDA:1130,115,0,14
BRDA:1130,115,1,6
BRDA:1132,116,0,14
BRDA:1132,116,1,0
BRDA:1154,117,0,0
BRDA:1154,117,1,15
BRDA:1159,118,0,10
BRDA:1159,118,1,5
BRDA:1172,119,0,10
BRDA:1172,119,1,5
BRDA:1177,120,0,4
BRDA:1177,120,1,11
BRDA:1179,121,0,4
BRDA:1179,121,1,0
BRDA:1201,122,0,0
BRDA:1201,122,1,0
BRDA:1206,123,0,0
BRDA:1206,123,1,0
BRDA:1219,124,0,0
BRDA:1219,124,1,0
BRDA:1224,125,0,0
BRDA:1224,125,1,0
BRDA:1226,126,0,0
BRDA:1226,126,1,0
BRDA:1252,127,0,0
BRDA:1252,127,1,19
BRDA:1257,128,0,9
BRDA:1257,128,1,10
BRDA:1270,129,0,9
BRDA:1270,129,1,10
BRDA:1275,130,0,9
BRDA:1275,130,1,10
BRDA:1277,131,0,9
BRDA:1277,131,1,0
BRDA:1303,132,0,0
BRDA:1303,132,1,15
BRDA:1308,133,0,5
BRDA:1308,133,1,10
BRDA:1321,134,0,5
BRDA:1321,134,1,10
BRDA:1326,135,0,9
BRDA:1326,135,1,6
BRDA:1328,136,0,9
BRDA:1328,136,1,0
BRDA:1350,137,0,0
BRDA:1350,137,1,15
BRDA:1362,138,0,14
BRDA:1362,138,1,6
BRDA:1364,139,0,10
BRDA:1364,139,1,4
BRDA:1386,140,0,0
BRDA:1386,140,1,10
BRDA:1398,141,0,4
BRDA:1398,141,1,11
BRDA:1400,142,0,1
BRDA:1400,142,1,3
BRDA:1422,143,0,0
BRDA:1422,143,1,24
BRDA:1434,144,0,5
BRDA:1434,144,1,19
BRDA:1436,145,0,5
BRDA:1436,145,1,0
BRDA:1458,146,0,0
BRDA:1458,146,1,24
BRDA:1470,147,0,21
BRDA:1470,147,1,3
BRDA:1472,148,0,21
BRDA:1472,148,1,0
BRF:298
BRH:171
end_of_record
TN:
SF:projects/tablejs/src/lib/filterAndSort/comparators/match-type.ts
FN:1,(anonymous_0)
FNF:1
FNH:1
FNDA:1,(anonymous_0)
DA:1,1
DA:3,1
DA:6,1
LF:3
LH:3
BRDA:1,0,0,1
BRDA:1,0,1,1
BRF:2
BRH:2
end_of_record
TN:
SF:projects/tablejs/src/lib/filterAndSort/comparators/sort-comparator.ts
FN:5,(anonymous_0)
FN:40,(anonymous_1)
FN:68,(anonymous_2)
FN:96,(anonymous_3)
FN:127,(anonymous_4)
FN:192,(anonymous_5)
FNF:6
FNH:5
FNDA:72,(anonymous_0)
FNDA:60,(anonymous_1)
FNDA:61,(anonymous_2)
FNDA:66,(anonymous_3)
FNDA:112,(anonymous_4)
FNDA:0,(anonymous_5)
DA:7,72
DA:11,72
DA:12,72
DA:14,72
DA:15,72
DA:16,0
DA:19,72
DA:20,55
DA:21,55
DA:22,55
DA:23,55
DA:26,72
DA:27,72
DA:28,14
DA:29,14
DA:32,72
DA:33,4
DA:35,68
DA:42,60
DA:46,60
DA:47,60
DA:49,60
DA:50,60
DA:51,0
DA:54,60
DA:55,60
DA:56,32
DA:57,32
DA:60,60
DA:61,6
DA:63,54
DA:70,61
DA:74,61
DA:75,61
DA:77,61
DA:78,61
DA:79,0
DA:82,61
DA:83,61
DA:84,8
DA:85,8
DA:88,61
DA:89,36
DA:91,25
DA:98,66
DA:102,66
DA:103,66
DA:105,66
DA:106,66
DA:107,0
DA:110,66
DA:111,66
DA:112,19
DA:113,19
DA:116,66
DA:117,66
DA:119,66
DA:120,45
DA:122,21
DA:129,112
DA:133,112
DA:134,112
DA:136,112
DA:137,112
DA:138,0
DA:141,112
DA:142,112
DA:143,18
DA:144,18
DA:147,112
DA:148,91
DA:152,80
DA:153,80
DA:157,112
DA:158,112
DA:160,112
DA:161,2
DA:163,110
DA:164,67
DA:168,14
DA:170,14
DA:171,14
DA:172,7
DA:177,7
DA:181,53
DA:186,43
DA:193,0
LF:87
LH:81
BRDA:15,0,0,0
BRDA:15,0,1,72
BRDA:19,1,0,55
BRDA:19,1,1,17
BRDA:27,2,0,14
BRDA:27,2,1,58
BRDA:27,3,0,72
BRDA:27,3,1,72
BRDA:32,4,0,4
BRDA:32,4,1,68
BRDA:36,5,0,47
BRDA:36,5,1,21
BRDA:50,6,0,0
BRDA:50,6,1,60
BRDA:55,7,0,32
BRDA:55,7,1,28
BRDA:55,8,0,60
BRDA:55,8,1,60
BRDA:60,9,0,6
BRDA:60,9,1,54
BRDA:64,10,0,30
BRDA:64,10,1,24
BRDA:78,11,0,0
BRDA:78,11,1,61
BRDA:83,12,0,8
BRDA:83,12,1,53
BRDA:83,13,0,61
BRDA:83,13,1,61
BRDA:88,14,0,36
BRDA:88,14,1,25
BRDA:92,15,0,21
BRDA:92,15,1,4
BRDA:106,16,0,0
BRDA:106,16,1,66
BRDA:111,17,0,19
BRDA:111,17,1,47
BRDA:111,18,0,66
BRDA:111,18,1,66
BRDA:116,19,0,19
BRDA:116,19,1,47
BRDA:117,20,0,18
BRDA:117,20,1,48
BRDA:119,21,0,45
BRDA:119,21,1,21
BRDA:123,22,0,14
BRDA:123,22,1,7
BRDA:137,23,0,0
BRDA:137,23,1,112
BRDA:142,24,0,18
BRDA:142,24,1,94
BRDA:142,25,0,112
BRDA:142,25,1,112
BRDA:147,26,0,91
BRDA:147,26,1,21
BRDA:148,27,0,80
BRDA:148,27,1,11
BRDA:149,28,0,91
BRDA:149,28,1,6
BRDA:149,28,2,85
BRDA:149,28,3,5
BRDA:160,29,0,2
BRDA:160,29,1,110
BRDA:160,30,0,112
BRDA:160,30,1,110
BRDA:163,31,0,67
BRDA:163,31,1,43
BRDA:164,32,0,14
BRDA:164,32,1,53
BRDA:170,33,0,7
BRDA:170,33,1,7
BRDA:171,34,0,7
BRDA:171,34,1,7
BRDA:187,35,0,17
BRDA:187,35,1,26
BRF:74
BRH:69
end_of_record
TN:
SF:projects/tablejs/src/lib/filterAndSort/options/filter-options.ts
FN:14,(anonymous_0)
FNF:1
FNH:1
FNDA:346,(anonymous_0)
DA:8,346
DA:21,346
DA:22,346
DA:23,346
DA:24,346
DA:25,346
LF:6
LH:6
BRDA:17,0,0,346
BRDA:18,1,0,346
BRDA:19,2,0,346
BRF:3
BRH:3
end_of_record
TN:
SF:projects/tablejs/src/lib/filterAndSort/options/sort-direction.ts
FN:1,(anonymous_0)
FNF:1
FNH:1
FNDA:1,(anonymous_0)
DA:1,1
DA:3,1
DA:6,1
DA:9,1
LF:4
LH:4
BRDA:1,0,0,1
BRDA:1,0,1,1
BRF:2
BRH:2
end_of_record
TN:
SF:projects/tablejs/src/lib/filterAndSort/options/sort-options.ts
FN:65,(anonymous_0)
FN:26,(anonymous_1)
FN:35,(anonymous_2)
FN:49,(anonymous_3)
FN:55,(anonymous_4)
FN:89,(anonymous_5)
FNF:6
FNH:6
FNDA:350,(anonymous_0)
FNDA:1,(anonymous_1)
FNDA:7,(anonymous_2)
FNDA:55,(anonymous_3)
FNDA:394,(anonymous_4)
FNDA:2,(anonymous_5)
DA:13,350
DA:19,350
DA:32,1
DA:43,7
DA:44,7
DA:47,350
DA:50,55
DA:62,394
DA:78,350
DA:79,350
DA:80,350
DA:81,350
DA:82,350
DA:83,350
DA:84,350
DA:86,350
DA:90,2
DA:92,2
DA:93,1
LF:19
LH:19
BRDA:72,0,0,350
BRDA:73,1,0,350
BRDA:74,2,0,350
BRDA:75,3,0,350
BRDA:76,4,0,350
BRDA:51,5,0,4
BRDA:51,5,1,51
BRDA:92,6,0,1
BRDA:92,6,1,1
BRF:9
BRH:9
end_of_record
TN:
SF:projects/tablejs/src/lib/filterAndSort/services/filter-sort.service.ts
FN:37,(anonymous_0)
FN:27,(anonymous_1)
FN:30,(anonymous_2)
FN:33,(anonymous_3)
FN:41,(anonymous_4)
FN:86,(anonymous_5)
FN:90,(anonymous_6)
FN:133,(anonymous_7)
FN:191,(anonymous_8)
FN:224,(anonymous_9)
FN:229,(anonymous_10)
FN:242,(anonymous_11)
FN:248,(anonymous_12)
FN:277,(anonymous_13)
FN:284,(anonymous_14)
FNF:15
FNH:14
FNDA:173,(anonymous_0)
FNDA:1504,(anonymous_1)
FNDA:697,(anonymous_2)
FNDA:1,(anonymous_3)
FNDA:138,(anonymous_4)
FNDA:113,(anonymous_5)
FNDA:106,(anonymous_6)
FNDA:171,(anonymous_7)
FNDA:52,(anonymous_8)
FNDA:5,(anonymous_9)
FNDA:5,(anonymous_10)
FNDA:10,(anonymous_11)
FNDA:503,(anonymous_12)
FNDA:0,(anonymous_13)
FNDA:376,(anonymous_14)
DA:12,1
DA:13,173
DA:28,1504
DA:31,697
DA:34,1
DA:38,173
DA:53,138
DA:54,138
DA:56,138
DA:57,97
DA:58,3
DA:59,3
DA:60,6
DA:61,6
DA:62,6
DA:65,94
DA:72,138
DA:73,44
DA:74,5
DA:79,39
DA:83,138
DA:87,113
DA:91,106
DA:92,106
DA:93,0
DA:97,106
DA:103,106
DA:105,106
DA:106,2
DA:111,104
DA:112,1
DA:115,103
DA:117,103
DA:119,103
DA:120,116
DA:121,116
DA:124,103
DA:126,103
DA:128,103
DA:130,103
DA:134,171
DA:135,21
DA:136,21
DA:137,21
DA:139,150
DA:140,150
DA:141,150
DA:143,150
DA:144,2
DA:145,2
DA:146,4
DA:147,4
DA:149,4
DA:150,2
DA:151,2
DA:152,2
DA:153,2
DA:157,2
DA:161,2
DA:162,2
DA:164,2
DA:165,1
DA:167,2
DA:170,2
DA:173,2
DA:176,150
DA:177,150
DA:178,150
DA:180,150
DA:181,232
DA:182,232
DA:183,230
DA:185,2
DA:187,232
DA:192,52
DA:194,52
DA:195,0
DA:200,52
DA:201,52
DA:202,52
DA:204,52
DA:205,2
DA:209,50
DA:210,1
DA:213,49
DA:215,49
DA:217,49
DA:218,38
DA:221,49
DA:228,5
DA:230,5
DA:231,0
DA:233,5
DA:234,5
DA:235,5
DA:236,2
DA:238,3
DA:242,5
DA:243,10
DA:245,5
DA:249,503
DA:250,503
DA:252,503
DA:253,435
DA:254,435
DA:255,435
DA:257,435
DA:258,622
DA:260,622
DA:261,1
DA:262,1
DA:266,0
DA:268,621
DA:271,434
DA:274,502
DA:278,0
DA:285,376
DA:286,376
DA:288,376
DA:289,421
DA:290,421
DA:294,1
DA:296,420
DA:297,420
DA:300,375
LF:125
LH:120
BRDA:56,0,0,97
BRDA:56,0,1,41
BRDA:57,1,0,3
BRDA:57,1,1,94
BRDA:72,2,0,44
BRDA:72,2,1,94
BRDA:73,3,0,5
BRDA:73,3,1,39
BRDA:87,4,0,113
BRDA:87,4,1,33
BRDA:92,5,0,0
BRDA:92,5,1,106
BRDA:100,6,0,77
BRDA:100,6,1,29
BRDA:105,7,0,2
BRDA:105,7,1,104
BRDA:105,8,0,106
BRDA:105,8,1,105
BRDA:111,9,0,1
BRDA:111,9,1,103
BRDA:117,10,0,95
BRDA:117,10,1,8
BRDA:117,11,0,103
BRDA:117,11,1,95
BRDA:134,12,0,21
BRDA:134,12,1,150
BRDA:134,13,0,171
BRDA:134,13,1,154
BRDA:134,13,2,152
BRDA:143,14,0,2
BRDA:143,14,1,148
BRDA:149,15,0,2
BRDA:149,15,1,2
BRDA:164,16,0,1
BRDA:164,16,1,1
BRDA:182,17,0,230
BRDA:182,17,1,2
BRDA:194,18,0,0
BRDA:194,18,1,52
BRDA:204,19,0,2
BRDA:204,19,1,50
BRDA:204,20,0,52
BRDA:204,20,1,51
BRDA:209,21,0,1
BRDA:209,21,1,49
BRDA:217,22,0,38
BRDA:217,22,1,11
BRDA:230,23,0,0
BRDA:230,23,1,5
BRDA:230,24,0,5
BRDA:230,24,1,5
BRDA:235,25,0,2
BRDA:235,25,1,3
BRDA:238,26,0,1
BRDA:238,26,1,2
BRDA:250,27,0,148
BRDA:250,27,1,355
BRDA:260,28,0,1
BRDA:260,28,1,621
BRDA:261,29,0,1
BRDA:261,29,1,0
BRDA:277,30,0,0
BRDA:277,31,0,0
BRDA:290,32,0,1
BRDA:290,32,1,420
BRDA:291,33,0,421
BRDA:291,33,1,420
BRF:67
BRH:61
end_of_record
TN:
SF:projects/tablejs/src/lib/services/directive-registration/directive-registration.service.ts
FN:12,(anonymous_0)
FN:16,(anonymous_1)
FN:25,(anonymous_2)
FN:39,(anonymous_3)
FN:40,(anonymous_4)
FN:43,(anonymous_5)
FN:63,(anonymous_6)
FN:70,(anonymous_7)
FN:77,(anonymous_8)
FN:83,(anonymous_9)
FN:97,(anonymous_10)
FN:105,(anonymous_11)
FNF:12
FNH:5
FNDA:36,(anonymous_0)
FNDA:0,(anonymous_1)
FNDA:0,(anonymous_2)
FNDA:0,(anonymous_3)
FNDA:0,(anonymous_4)
FNDA:1707,(anonymous_5)
FNDA:0,(anonymous_6)
FNDA:0,(anonymous_7)
FNDA:192,(anonymous_8)
FNDA:240,(anonymous_9)
FNDA:144,(anonymous_10)
FNDA:0,(anonymous_11)
DA:10,1
DA:12,36
DA:14,36
DA:17,0
DA:21,0
DA:22,0
DA:26,0
DA:27,0
DA:29,0
DA:30,0
DA:31,0
DA:32,0
DA:33,0
DA:35,0
DA:40,0
DA:44,1707
DA:45,1130
DA:46,0
DA:48,1130
DA:49,0
DA:51,1130
DA:52,192
DA:54,1130
DA:55,240
DA:57,1130
DA:58,144
DA:64,0
DA:65,0
DA:66,0
DA:71,0
DA:72,0
DA:73,0
DA:78,192
DA:79,192
DA:80,192
DA:84,240
DA:85,240
DA:86,0
DA:88,240
DA:89,240
DA:90,240
DA:92,240
DA:93,240
DA:94,240
DA:98,144
DA:99,144
DA:100,144
DA:101,144
DA:106,0
DA:107,0
DA:108,0
LF:51
LH:27
BRDA:26,0,0,0
BRDA:26,0,1,0
BRDA:32,1,0,0
BRDA:32,1,1,0
BRDA:44,2,0,1130
BRDA:44,2,1,577
BRDA:45,3,0,0
BRDA:45,3,1,1130
BRDA:48,4,0,0
BRDA:48,4,1,1130
BRDA:51,5,0,192
BRDA:51,5,1,938
BRDA:54,6,0,240
BRDA:54,6,1,890
BRDA:57,7,0,144
BRDA:57,7,1,986
BRDA:63,8,0,0
BRDA:65,9,0,0
BRDA:65,9,1,0
BRDA:70,10,0,0
BRDA:72,11,0,0
BRDA:72,11,1,0
BRDA:77,12,0,0
BRDA:83,13,0,0
BRDA:85,14,0,0
BRDA:85,14,1,240
BRDA:89,15,0,240
BRDA:89,15,1,0
BRDA:93,16,0,240
BRDA:93,16,1,0
BRDA:97,17,0,0
BRDA:100,18,0,144
BRDA:100,18,1,0
BRDA:107,19,0,0
BRDA:107,19,1,0
BRF:35
BRH:14
end_of_record
TN:
SF:projects/tablejs/src/lib/services/dynamic-component/dynamic-component.service.ts
FN:9,(anonymous_0)
FN:11,(anonymous_1)
FNF:2
FNH:1
FNDA:1,(anonymous_0)
FNDA:0,(anonymous_1)
DA:7,1
DA:9,1
DA:12,0
DA:13,0
LF:4
LH:2
BRF:0
BRH:0
end_of_record
TN:
SF:projects/tablejs/src/lib/services/grid/grid.service.ts
FN:13,(anonymous_0)
FN:15,(anonymous_1)
FN:22,(anonymous_2)
FNF:3
FNH:3
FNDA:122,(anonymous_0)
FNDA:605,(anonymous_1)
FNDA:248,(anonymous_2)
DA:8,1
DA:10,122
DA:11,122
DA:16,605
DA:17,2564
DA:19,605
DA:23,248
LF:7
LH:7
BRDA:16,0,0,3169
BRDA:16,0,1,3140
BRF:2
BRH:2
end_of_record
TN:
SF:projects/tablejs/src/lib/services/operating-system/operating-system.service.ts
FN:8,(anonymous_0)
FN:10,(anonymous_1)
FN:33,(anonymous_2)
FN:36,(anonymous_3)
FNF:4
FNH:4
FNDA:45,(anonymous_0)
FNDA:10,(anonymous_1)
FNDA:2,(anonymous_2)
FNDA:2,(anonymous_3)
DA:6,1
DA:11,10
DA:12,10
DA:13,10
DA:14,10
DA:15,10
DA:16,10
DA:18,10
DA:19,3
DA:20,7
DA:21,1
DA:22,6
DA:23,4
DA:24,2
DA:25,1
DA:26,1
DA:27,1
DA:30,10
DA:34,2
DA:37,2
LF:20
LH:20
BRDA:18,0,0,3
BRDA:18,0,1,7
BRDA:20,1,0,1
BRDA:20,1,1,6
BRDA:22,2,0,4
BRDA:22,2,1,2
BRDA:24,3,0,1
BRDA:24,3,1,1
BRDA:26,4,0,1
BRDA:26,4,1,0
BRDA:26,5,0,1
BRDA:26,5,1,1
BRDA:34,6,0,2
BRDA:34,6,1,1
BRF:14
BRH:13
end_of_record
TN:
SF:projects/tablejs/src/lib/services/scroll-dispatcher/scroll-dispatcher.service.ts
FN:11,(anonymous_0)
FN:13,(anonymous_1)
FN:31,(anonymous_2)
FN:49,(anonymous_3)
FN:67,(anonymous_4)
FN:81,(anonymous_5)
FN:95,(anonymous_6)
FN:111,(anonymous_7)
FNF:8
FNH:1
FNDA:36,(anonymous_0)
FNDA:0,(anonymous_1)
FNDA:0,(anonymous_2)
FNDA:0,(anonymous_3)
FNDA:0,(anonymous_4)
FNDA:0,(anonymous_5)
FNDA:0,(anonymous_6)
FNDA:0,(anonymous_7)
DA:9,1
DA:14,0
DA:20,0
DA:28,0
DA:32,0
DA:38,0
DA:46,0
DA:50,0
DA:56,0
DA:64,0
DA:68,0
DA:72,0
DA:78,0
DA:82,0
DA:86,0
DA:92,0
DA:96,0
DA:101,0
DA:108,0
DA:112,0
DA:118,0
DA:126,0
LF:22
LH:1
BRF:0
BRH:0
end_of_record
TN:
SF:projects/tablejs/src/lib/shared/classes/tablejs-grid-proxy.ts
FN:3,(anonymous_0)
FNF:1
FNH:1
FNDA:45,(anonymous_0)
DA:2,1
LF:1
LH:1
BRF:0
BRH:0
end_of_record
TN:
SF:projects/tablejs/src/lib/shared/classes/events/column-reorder-event.ts
FN:14,(anonymous_0)
FNF:1
FNH:1
FNDA:4,(anonymous_0)
DA:5,1
DA:6,1
DA:7,1
LF:3
LH:3
BRF:0
BRH:0
end_of_record
TN:
SF:projects/tablejs/src/lib/shared/classes/events/column-resize-event.ts
FNF:0
FNH:0
DA:5,1
DA:6,1
DA:7,1
LF:3
LH:3
BRF:0
BRH:0
end_of_record
TN:
SF:projects/tablejs/src/lib/shared/classes/events/grid-event.ts
FNF:0
FNH:0
DA:5,1
LF:1
LH:1
BRF:0
BRH:0
end_of_record
TN:
SF:projects/tablejs/src/lib/shared/classes/events/scroll-viewport-event.ts
FNF:0
FNH:0
DA:2,1
DA:3,1
DA:4,1
DA:5,1
DA:6,1
DA:7,1
DA:8,1
LF:7
LH:7
BRF:0
BRH:0
end_of_record
TN:
SF:projects/tablejs/src/lib/shared/classes/scrolling/range.ts
FNF:0
FNH:0
LF:0
LH:0
BRF:0
BRH:0
end_of_record
